[GET] https://internal-api-lark-api.feishu.cn/settings/v3/?platform=web&app_id=&version=5.7.0&tags=policy_sdk_config&fg_tags=policy_sdk_config => [200] 
[POST] https://mcs-bd.feishu.cn/list => [200] 
[POST] https://verify.snssdk.com/captcha/reportFrontend => [200] 
[POST] https://vcs.snssdk.com/vc/setting => [200] 
[GET] https://accounts.feishu.cn/accounts/config?_r58139=1773346200813 => [200] 
[POST] https://internal-api-security.feishu.cn/web/r/token?ms_appid=1664&msToken=enqR0WBXP5wfuwHWqPDZpsradQyfWV643Ki4-q5W_USrx13JPCCT4-6fyBY9dwEDL_T37odLKMWQcMpAJRxmAQg1d15liAe8Rm-YiPpT4KMgMvP_Oz_CW8AA0tmYsYimwKkvvgxFhLvysy00Kf6WbEc5UGXNUsHtyhkak8F8wBWKcBFcnBElr3Wz => [200] 
[POST] https://mcs-bd.feishu.cn/list => [200] 
[GET] https://www.google-analytics.com/analytics.js => [FAILED] net::ERR_CONNECTION_CLOSED
[POST] https://www.google.com/ccm/collect?frm=0&ae=g&en=page_view&dl=https%3A%2F%2Faccounts.feishu.cn%2Faccounts%2Fpage%2Flogin&scrsrc=www.googletagmanager.com&rnd=764100189.1773346201&dt=%E9%A3%9E%E4%B9%A6%20-%20%E7%99%BB%E5%BD%95&auid=661355907.1773303262&navt=n&npa=0&ep.ads_data_redaction=0&gtm=45He63b1h2v831223697za200zd831223697xea&gcd=13l3l3l3l1l1&dma=0&tag_exp=103116026~103200004~115938466~115938469~116024733~117484252&apve=1&apvf=f&apvc=1&tft=1773346200884&tfd=1798 => [200] 
[GET] https://www.google-analytics.com/analytics.js => [FAILED] net::ERR_CONNECTION_CLOSED
[GET] https://lf-cdn-tos.bytescm.com/obj/rc-verifycenter/verifycenter/1.0.0.287/index.js => [200] 
[POST] https://verify.snssdk.com/captcha/reportFrontend => [200] 
[POST] https://stats.g.doubleclick.net/g/collect?v=2&tid=G-VPYRHN104D&cid=1322926046.1773303263&gtm=45je63b1h2v882522221z8831223697za20gzb831223697zd831223697&aip=1&dma=0&gcd=13l3l3l3l1l1&npa=0&frm=0&tag_exp=103116026~103200004~115616986~115938466~115938468~116024733~117484252 => [FAILED] net::ERR_CONNECTION_CLOSED
[POST] https://www.google-analytics.com/g/collect?v=2&tid=G-VPYRHN104D&gtm=45je63b1h2v882522221z8831223697za20gzb831223697zd831223697&_p=1773346200368&gcd=13l3l3l3l1l1&npa=0&dma=0&cid=1322926046.1773303263&ul=zh-cn&sr=1512x982&uaa=arm&uab=64&uafvl=Not%253AA-Brand%3B99.0.0.0%7CGoogle%2520Chrome%3B145.0.7632.160%7CChromium%3B145.0.7632.160&uamb=0&uam=&uap=macOS&uapv=26.0.1&uaw=0&are=1&frm=0&pscdl=noapi&_eu=AAAAAEQ&_s=1&tag_exp=103116026~103200004~115616986~115938466~115938468~116024733~117484252&sid=1773346201&sct=2&seg=0&dl=https%3A%2F%2Faccounts.feishu.cn%2Faccounts%2Fpage%2Flogin%3Fapp_id%3D2%26no_trap%3D1%26query_scope%3Dall%26redirect_uri%3Dhttps%253A%252F%252Fecnirb4qfqay.feishu.cn%252Fwiki%252FAdfJworx9iSfnAkAQ78cYilsnk7%253Flogin_redirect_times%253D1%2526table%253DtblldwUAvDdWR8cd%2526view%253DvewNhBX7cO&dt=%E9%A3%9E%E4%B9%A6%20-%20%E7%99%BB%E5%BD%95&en=page_view&_ss=1&ep.cookieDomain=auto&tfd=2153 => [FAILED] net::ERR_CONNECTION_CLOSED
[POST] https://www.google-analytics.com/g/collect?v=2&tid=G-VPYRHN104D&gtm=45je63b1h2v882522221z8831223697za20gzb831223697zd831223697&_p=1773346200368&gcd=13l3l3l3l1l1&npa=0&dma=0&cid=1322926046.1773303263&ul=zh-cn&sr=1512x982&uaa=arm&uab=64&uafvl=Not%253AA-Brand%3B99.0.0.0%7CGoogle%2520Chrome%3B145.0.7632.160%7CChromium%3B145.0.7632.160&uamb=0&uam=&uap=macOS&uapv=26.0.1&uaw=0&are=1&frm=0&pscdl=noapi&_eu=AAACAEQ&tag_exp=103116026~103200004~115616986~115938466~115938468~116024733~117484252&sid=1773346201&sct=2&seg=1&dl=https%3A%2F%2Faccounts.feishu.cn%2Faccounts%2Fpage%2Flogin%3Fapp_id%3D2%26no_trap%3D1%26query_scope%3Dall%26redirect_uri%3Dhttps%253A%252F%252Fecnirb4qfqay.feishu.cn%252Fwiki%252FAdfJworx9iSfnAkAQ78cYilsnk7%253Flogin_redirect_times%253D1%2526table%253DtblldwUAvDdWR8cd%2526view%253DvewNhBX7cO&dt=%E9%A3%9E%E4%B9%A6%20-%20%E7%99%BB%E5%BD%95&_s=2&tfd=2174 => [FAILED] net::ERR_CONNECTION_CLOSED
[POST] https://stats.g.doubleclick.net/g/collect?v=2&tid=G-VPYRHN104D&cid=1322926046.1773303263&gtm=45je63b1h2v882522221z8831223697za20gzb831223697zd831223697&aip=1&dma=0&gcd=13l3l3l3l1l1&npa=0&frm=0&tag_exp=103116026~103200004~115616986~115938466~115938468~116024733~117484252 => [FAILED] net::ERR_CONNECTION_CLOSED
[POST] https://verify.snssdk.com/captcha/reportFrontend => [200] 
[POST] https://www.google-analytics.com/g/collect?v=2&tid=G-VPYRHN104D&gtm=45je63b1h2v882522221z8831223697za20gzb831223697zd831223697&_p=1773346200368&gcd=13l3l3l3l1l1&npa=0&dma=0&cid=1322926046.1773303263&ul=zh-cn&sr=1512x982&uaa=arm&uab=64&uafvl=Not%253AA-Brand%3B99.0.0.0%7CGoogle%2520Chrome%3B145.0.7632.160%7CChromium%3B145.0.7632.160&uamb=0&uam=&uap=macOS&uapv=26.0.1&uaw=0&are=1&frm=0&pscdl=noapi&_eu=AAAAAEQ&_s=1&tag_exp=103116026~103200004~115616986~115938466~115938468~116024733~117484252&sid=1773346201&sct=2&seg=0&dl=https%3A%2F%2Faccounts.feishu.cn%2Faccounts%2Fpage%2Flogin%3Fapp_id%3D2%26no_trap%3D1%26query_scope%3Dall%26redirect_uri%3Dhttps%253A%252F%252Fecnirb4qfqay.feishu.cn%252Fwiki%252FAdfJworx9iSfnAkAQ78cYilsnk7%253Flogin_redirect_times%253D1%2526table%253DtblldwUAvDdWR8cd%2526view%253DvewNhBX7cO&dt=%E9%A3%9E%E4%B9%A6%20-%20%E7%99%BB%E5%BD%95&en=page_view&_ss=1&ep.cookieDomain=auto&tfd=2153 => [FAILED] net::ERR_CONNECTION_CLOSED
[POST] https://www.google-analytics.com/g/collect?v=2&tid=G-VPYRHN104D&gtm=45je63b1h2v882522221z8831223697za20gzb831223697zd831223697&_p=1773346200368&gcd=13l3l3l3l1l1&npa=0&dma=0&cid=1322926046.1773303263&ul=zh-cn&sr=1512x982&uaa=arm&uab=64&uafvl=Not%253AA-Brand%3B99.0.0.0%7CGoogle%2520Chrome%3B145.0.7632.160%7CChromium%3B145.0.7632.160&uamb=0&uam=&uap=macOS&uapv=26.0.1&uaw=0&are=1&frm=0&pscdl=noapi&_eu=AAACAEQ&tag_exp=103116026~103200004~115616986~115938466~115938468~116024733~117484252&sid=1773346201&sct=2&seg=1&dl=https%3A%2F%2Faccounts.feishu.cn%2Faccounts%2Fpage%2Flogin%3Fapp_id%3D2%26no_trap%3D1%26query_scope%3Dall%26redirect_uri%3Dhttps%253A%252F%252Fecnirb4qfqay.feishu.cn%252Fwiki%252FAdfJworx9iSfnAkAQ78cYilsnk7%253Flogin_redirect_times%253D1%2526table%253DtblldwUAvDdWR8cd%2526view%253DvewNhBX7cO&dt=%E9%A3%9E%E4%B9%A6%20-%20%E7%99%BB%E5%BD%95&_s=2&tfd=2174 => [FAILED] net::ERR_CONNECTION_CLOSED
[GET] https://slardar-bd.feishu.cn/monitor_web/settings/browser-settings?bid=IAM&store=1 => [200] 
[POST] https://accounts.feishu.cn/accounts/qrlogin/init?_r95596=1773346201435&msToken=hV_T2uafNgBcnWqX-0YoiWhQ-Bx5pjM0ck8tzBPiXmm1UeOW4DdwLkLBF08Yg1DseFcasX_ndwTIa4Ke47gueuUTA4MQm5nzkr-gVWym3qetfi1o-K10VhvRPLEIfmyUnK5xuxc9t-_zY3LK6G0gzmvJt6-UCdASI6OsSrtLhrc1_TLrSSl4YKAp&a_bogus=D64nDFSEdZQRcp%2FeYcrYttrUuKDMNs8yqFi2WwxryNOvPqMb5A1K4I%2FQaouD4YRX2Wp12KIHdxKWbddPmB3vXeHpzmpvSdsSg0VV96fo2qiVGMJsgqmZehUFKw0G0cTLaQCWEIRRWs0n2fdAVr5kWBpaH5FH5cEdRrMbDZw9eEAgDWSkwo-TO9DBELJq4D%3D%3D => [200] 
[POST] https://mcs-bd.feishu.cn/list => [200] 
[POST] https://accounts.feishu.cn/accounts/qrlogin/polling?_r23991=1773346201513&msToken=hV_T2uafNgBcnWqX-0YoiWhQ-Bx5pjM0ck8tzBPiXmm1UeOW4DdwLkLBF08Yg1DseFcasX_ndwTIa4Ke47gueuUTA4MQm5nzkr-gVWym3qetfi1o-K10VhvRPLEIfmyUnK5xuxc9t-_zY3LK6G0gzmvJt6-UCdASI6OsSrtLhrc1_TLrSSl4YKAp&a_bogus=Ovs5DeSjONQRFp%2FaYCrEty9l6WjMrTWyuaTdSJKJyNPrPwMTCQld4VQmcFuvsORXompH2FV7QxulYdjOulRrWHrkKmpkS%2FtfDU5A9W8o2qq3GzJsDNDqe8Rzww0Y05sLaQCREI4R6s0rIfnAIrViWpZG75FH5REdWrZyD%2Fi9yEAXfWukhn3hOChkOgpcUHnX => [200] 
[POST] https://mcs-bd.feishu.cn/list => [200] 
[POST] https://slardar-bd.feishu.cn/monitor_browser/collect/batch/?biz_id=IAM => [204] 
[POST] https://slardar-bd.feishu.cn/monitor_browser/collect/batch/?biz_id=IAM => [204] 
[POST] https://www.google.com/ccm/collect?frm=0&ae=g&en=page_view&dl=https%3A%2F%2Faccounts.feishu.cn%2Faccounts%2Fpage%2Flogin&scrsrc=www.googletagmanager.com&rnd=764100189.1773346201&dt=%E9%A3%9E%E4%B9%A6%20-%20%E7%99%BB%E5%BD%95&auid=661355907.1773303262&navt=n&npa=0&ep.ads_data_redaction=0&gtm=45He63b1h2v831223697za200zd831223697xea&gcd=13l3l3l3l1l1&dma=0&tag_exp=103116026~103200004~115938466~115938469~116024733~117484252&apve=1&apvf=f&apvc=1&tft=1773346200884&tfd=1798 => [200] 
[POST] https://internal-api-security.feishu.cn/web/common?ms_appid=1664&msToken=hV_T2uafNgBcnWqX-0YoiWhQ-Bx5pjM0ck8tzBPiXmm1UeOW4DdwLkLBF08Yg1DseFcasX_ndwTIa4Ke47gueuUTA4MQm5nzkr-gVWym3qetfi1o-K10VhvRPLEIfmyUnK5xuxc9t-_zY3LK6G0gzmvJt6-UCdASI6OsSrtLhrc1_TLrSSl4YKAp => [200] 
[POST] https://slardar-bd.feishu.cn/monitor_browser/collect/batch/?biz_id=IAM => [204] 
[POST] https://www.google-analytics.com/g/collect?v=2&tid=G-VPYRHN104D&gtm=45je63b1h2v882522221za20gzb831223697zd831223697&_p=1773346200368&gcd=13l3l3l3l1l1&npa=0&dma=0&cid=1322926046.1773303263&ul=zh-cn&sr=1512x982&uaa=arm&uab=64&uafvl=Not%253AA-Brand%3B99.0.0.0%7CGoogle%2520Chrome%3B145.0.7632.160%7CChromium%3B145.0.7632.160&uamb=0&uam=&uap=macOS&uapv=26.0.1&uaw=0&are=1&frm=0&pscdl=noapi&_eu=AEAAAEQ&_s=3&tag_exp=103116026~103200004~115616986~115938466~115938468~116024733~117484252&uid=&sid=1773346201&sct=2&seg=1&dl=https%3A%2F%2Faccounts.feishu.cn%2Faccounts%2Fpage%2Flogin%3Fapp_id%3D2%26no_trap%3D1%26query_scope%3Dall%26redirect_uri%3Dhttps%253A%252F%252Fecnirb4qfqay.feishu.cn%252Fwiki%252FAdfJworx9iSfnAkAQ78cYilsnk7%253Flogin_redirect_times%253D1%2526table%253DtblldwUAvDdWR8cd%2526view%253DvewNhBX7cO&dt=%E9%A3%9E%E4%B9%A6%20-%20%E7%99%BB%E5%BD%95&en=scroll&epn.percent_scrolled=90&_et=2&tfd=7176 => [FAILED] net::ERR_CONNECTION_CLOSED
[POST] https://www.google-analytics.com/g/collect?v=2&tid=G-VPYRHN104D&gtm=45je63b1h2v882522221za20gzb831223697zd831223697&_p=1773346200368&gcd=13l3l3l3l1l1&npa=0&dma=0&cid=1322926046.1773303263&ul=zh-cn&sr=1512x982&uaa=arm&uab=64&uafvl=Not%253AA-Brand%3B99.0.0.0%7CGoogle%2520Chrome%3B145.0.7632.160%7CChromium%3B145.0.7632.160&uamb=0&uam=&uap=macOS&uapv=26.0.1&uaw=0&are=1&frm=0&pscdl=noapi&_eu=AEAAAEQ&_s=3&tag_exp=103116026~103200004~115616986~115938466~115938468~116024733~117484252&uid=&sid=1773346201&sct=2&seg=1&dl=https%3A%2F%2Faccounts.feishu.cn%2Faccounts%2Fpage%2Flogin%3Fapp_id%3D2%26no_trap%3D1%26query_scope%3Dall%26redirect_uri%3Dhttps%253A%252F%252Fecnirb4qfqay.feishu.cn%252Fwiki%252FAdfJworx9iSfnAkAQ78cYilsnk7%253Flogin_redirect_times%253D1%2526table%253DtblldwUAvDdWR8cd%2526view%253DvewNhBX7cO&dt=%E9%A3%9E%E4%B9%A6%20-%20%E7%99%BB%E5%BD%95&en=scroll&epn.percent_scrolled=90&_et=2&tfd=7176 => [FAILED] net::ERR_CONNECTION_CLOSED
[POST] https://slardar-bd.feishu.cn/monitor_browser/collect/batch/?biz_id=IAM => [204] 
[POST] https://accounts.feishu.cn/accounts/qrlogin/polling?_r59517=1773346209597&msToken=x2mQRBSulM2nvLh99CVNW-hyxBTcp_6TAItepvpRHTFy6fNphLou31Kcy9i-8g7M4DjmmnqZtTRaJ_o7gW1wR7gs1bV2WGDlJK_1d9Q3PBzg81qH9HnCEm47F0JZc2KhQ4LF5fekg_hskHCe5iIhAX6cQZnxxfXx98Q21kfHGfGIEzBzzHRLOCDN&a_bogus=mv0RhqSLE25jPpKeYKj99ArlTCjMrPWy7FixS7aryPPlPh0bVA1d4VQmGFzOsbY6omBl2K1HJn%2F%2FbdfOuBfrWHHpKmpvS2hWgUV59UfLgqNdT0isLHDNe04FKw0bURGL-596E1URIsMnIVdAnHV0WB2aS5FH5bDdWNMjD%2FE99EWXDCWkk93hOeD2EyGqpf%3D%3D => [200] 
[POST] https://mcs-bd.feishu.cn/list => [200] 
[POST] https://slardar-bd.feishu.cn/monitor_browser/collect/batch/?biz_id=IAM => [204] 
[POST] https://accounts.feishu.cn/accounts/qrlogin/polling?_r60323=1773346217684&msToken=x2mQRBSulM2nvLh99CVNW-hyxBTcp_6TAItepvpRHTFy6fNphLou31Kcy9i-8g7M4DjmmnqZtTRaJ_o7gW1wR7gs1bV2WGDlJK_1d9Q3PBzg81qH9HnCEm47F0JZc2KhQ4LF5fekg_hskHCe5iIhAX6cQZnxxfXx98Q21kfHGfGIEzBzzHRLOCDN&a_bogus=djsVhwU7xd5nKp%2FC8Ojc949l8CI%2FrT8ysai2WweJeOuKPqMYQ51x4p%2FmnFzO4cm6xRpa2FV7bn8AbEfO8-feWH9kqmkvuOXyLU5n96mogqqpGFisgHDMegRFLwMYU5GLaACbE1RRXsMn2VdAnH5kWdpG75F9Q5EdbqZbD2EyeEAhfCukk9-TOCDdx6Tn0A5G => [200] 
[POST] https://mcs-bd.feishu.cn/list => [200] 
[POST] https://slardar-bd.feishu.cn/monitor_browser/collect/batch/?biz_id=IAM => [204] 
[POST] https://accounts.feishu.cn/accounts/qrlogin/polling?_r74678=1773346225883&msToken=x2mQRBSulM2nvLh99CVNW-hyxBTcp_6TAItepvpRHTFy6fNphLou31Kcy9i-8g7M4DjmmnqZtTRaJ_o7gW1wR7gs1bV2WGDlJK_1d9Q3PBzg81qH9HnCEm47F0JZc2KhQ4LF5fekg_hskHCe5iIhAX6cQZnxxfXx98Q21kfHGfGIEzBzzHRLOCDN&a_bogus=DvsjDH7LDdmVepKeuCbC93HlDS9Ars8ykBi2ReAJSNzXaZUYxQ1O4QQmGFzcsRb6dWBH2KIHbn8%2FbxjOm-f-W9rkLmkfuQwSD45V9X0o%2FqwdTMisLqmpe8UzLw0YUb4La%2FCSE1U5AsMN2VVAINVTWBdGH5z9QREdWqMWDMwyHEW6DCukhx3TOehDELTtUA2J => [200] 
[POST] https://mcs-bd.feishu.cn/list => [200] 
[POST] https://slardar-bd.feishu.cn/monitor_browser/collect/batch/?biz_id=IAM => [204] 
[POST] https://accounts.feishu.cn/accounts/qrlogin/polling?_r26305=1773346232246&msToken=x2mQRBSulM2nvLh99CVNW-hyxBTcp_6TAItepvpRHTFy6fNphLou31Kcy9i-8g7M4DjmmnqZtTRaJ_o7gW1wR7gs1bV2WGDlJK_1d9Q3PBzg81qH9HnCEm47F0JZc2KhQ4LF5fekg_hskHCe5iIhAX6cQZnxxfXx98Q21kfHGfGIEzBzzHRLOCDN&a_bogus=dXs5keU7YpWjep%2FCYCbc963lUyfArTSyTlTQbFCJ7NTMPqebS%2FldG-%2FMjFwP4c6f2RB12o3HGn%2F%2FYDDOuBfrWH9pzmpfS876Ls559U0oZqqdTzJsLrmpe04FzwMbU5sLlA9yEIURls0NIfVAnNV0Wdpay5FoQRDdbqZbDML9eEAhfCSkh93sOegpPgku0WQ7 => [200] 
[POST] https://mcs-bd.feishu.cn/list => [200] 
[POST] https://slardar-bd.feishu.cn/monitor_browser/collect/batch/?biz_id=IAM => [204] 
[POST] https://www.google-analytics.com/g/collect?v=2&tid=G-VPYRHN104D&gtm=45je63b1h2v882522221za20gzb831223697zd831223697&_p=1773346200368&gcd=13l3l3l3l1l1&npa=0&dma=0&cid=1322926046.1773303263&ul=zh-cn&sr=1512x982&uaa=arm&uab=64&uafvl=Not%253AA-Brand%3B99.0.0.0%7CGoogle%2520Chrome%3B145.0.7632.160%7CChromium%3B145.0.7632.160&uamb=0&uam=&uap=macOS&uapv=26.0.1&uaw=0&are=1&frm=0&pscdl=noapi&_eu=AAAAAEQ&_s=4&tag_exp=103116026~103200004~115616986~115938466~115938468~116024733~117484252&uid=&sid=1773346201&sct=2&seg=1&dl=https%3A%2F%2Faccounts.feishu.cn%2Faccounts%2Fpage%2Flogin%3Fapp_id%3D2%26no_trap%3D1%26query_scope%3Dall%26redirect_uri%3Dhttps%253A%252F%252Fecnirb4qfqay.feishu.cn%252Fwiki%252FAdfJworx9iSfnAkAQ78cYilsnk7%253Flogin_redirect_times%253D1%2526table%253DtblldwUAvDdWR8cd%2526view%253DvewNhBX7cO&dt=%E9%A3%9E%E4%B9%A6%20-%20%E7%99%BB%E5%BD%95&en=user_engagement&_et=33816&tfd=35994 => [FAILED] net::ERR_ABORTED
[POST] https://internal-api-security.feishu.cn/web/common?ms_appid=1664&msToken=x2mQRBSulM2nvLh99CVNW-hyxBTcp_6TAItepvpRHTFy6fNphLou31Kcy9i-8g7M4DjmmnqZtTRaJ_o7gW1wR7gs1bV2WGDlJK_1d9Q3PBzg81qH9HnCEm47F0JZc2KhQ4LF5fekg_hskHCe5iIhAX6cQZnxxfXx98Q21kfHGfGIEzBzzHRLOCDN => [FAILED] net::ERR_ABORTED
[POST] https://internal-api-security.feishu.cn/web/common?ms_appid=1664&msToken=x2mQRBSulM2nvLh99CVNW-hyxBTcp_6TAItepvpRHTFy6fNphLou31Kcy9i-8g7M4DjmmnqZtTRaJ_o7gW1wR7gs1bV2WGDlJK_1d9Q3PBzg81qH9HnCEm47F0JZc2KhQ4LF5fekg_hskHCe5iIhAX6cQZnxxfXx98Q21kfHGfGIEzBzzHRLOCDN => [FAILED] net::ERR_ABORTED
[POST] https://www.google-analytics.com/g/collect?v=2&tid=G-VPYRHN104D&gtm=45je63b1h2v882522221za20gzb831223697zd831223697&_p=1773346200368&gcd=13l3l3l3l1l1&npa=0&dma=0&cid=1322926046.1773303263&ul=zh-cn&sr=1512x982&uaa=arm&uab=64&uafvl=Not%253AA-Brand%3B99.0.0.0%7CGoogle%2520Chrome%3B145.0.7632.160%7CChromium%3B145.0.7632.160&uamb=0&uam=&uap=macOS&uapv=26.0.1&uaw=0&are=1&frm=0&pscdl=noapi&_eu=AAAAAEQ&_s=4&tag_exp=103116026~103200004~115616986~115938466~115938468~116024733~117484252&uid=&sid=1773346201&sct=2&seg=1&dl=https%3A%2F%2Faccounts.feishu.cn%2Faccounts%2Fpage%2Flogin%3Fapp_id%3D2%26no_trap%3D1%26query_scope%3Dall%26redirect_uri%3Dhttps%253A%252F%252Fecnirb4qfqay.feishu.cn%252Fwiki%252FAdfJworx9iSfnAkAQ78cYilsnk7%253Flogin_redirect_times%253D1%2526table%253DtblldwUAvDdWR8cd%2526view%253DvewNhBX7cO&dt=%E9%A3%9E%E4%B9%A6%20-%20%E7%99%BB%E5%BD%95&en=user_engagement&_et=33816&tfd=35994 => [FAILED] net::ERR_ABORTED
[GET] https://internal-api-lark-api.feishu.cn/settings/v3/?platform=web&app_id=2&version=7.60.0&tags=policy_sdk_config&fg_tags=policy_sdk_config => [200] 
[GET] https://internal-api-lark-api.feishu.cn/settings/v3/?platform=web&app_id=2&version=7.60.0&tags=policy_sdk_config&fg_tags=policy_sdk_config => [200] 
[POST] https://mcs-bd.feishu.cn/v1/list => [200] 
[POST] https://mcs-bd.feishu.cn/v1/list => [200] 
[POST] https://mcs-bd.feishu.cn/v1/list => [200] 
[GET] https://internal-api-security.feishu.cn/lark/scs/compliance/ping => [200] 
[POST] https://mcs-bd.feishu.cn/webid => [200] 
[GET] https://slardar-bd.feishu.cn/monitor_web/settings/browser-settings?bid=lark_policy_sdk_fe&store=1 => [200] 
[GET] https://slardar-bd.feishu.cn/monitor_web/settings/browser-settings?bid=docs_pc&store=1 => [200] 
[POST] https://mcs-bd.feishu.cn/service/2/web_sdk_settings/ => [200] 
[POST] https://mcs-bd.feishu.cn/v1/user/ssid => [200] 
[GET] https://ecnirb4qfqay.feishu.cn/space/api/user/ => [200] 
[POST] https://mcs-bd.feishu.cn/list => [200] 
[GET] https://ecnirb4qfqay.feishu.cn/space/api/user/get_et/ => [200] 
[GET] https://ecnirb4qfqay.feishu.cn/space/api/translation/language/get_all_lang/ => [200] 
[POST] https://ecnirb4qfqay.feishu.cn/space/api/msg_box/get_version => [200] 
[POST] https://ecnirb4qfqay.feishu.cn/space/api/msg_box/get_version => [200] 
[POST] https://ecnirb4qfqay.feishu.cn/space/api/rce/messages?member_id=76930981572285 => [200] 
[POST] https://ecnirb4qfqay.feishu.cn/space/api/rce/messages?member_id=76930981572285 => [200] 
[POST] https://ecnirb4qfqay.feishu.cn/space/api/rce/heartbeat?member_id=76930981572285 => [200] 
[POST] https://ecnirb4qfqay.feishu.cn/space/api/v1/bitable/event/collect => [200] 
[POST] https://ecnirb4qfqay.feishu.cn/space/api/v1/bitable/event/collect => [200] 
[GET] https://ecnirb4qfqay.feishu.cn/space/api/bitable/LmZXbu1aGagNbtsINKDcqnWAnqf/history/get_config => [200] 
[GET] https://ecnirb4qfqay.feishu.cn/space/api/bitable/connector/plugins?token=LmZXbu1aGagNbtsINKDcqnWAnqf => [200] 
[GET] https://ecnirb4qfqay.feishu.cn/space/api/v1/bitable/LmZXbu1aGagNbtsINKDcqnWAnqf/records?tableId=tblldwUAvDdWR8cd&viewId=vewNhBX7cO&tableRev=997&depRev=%7B%7D&viewLazyLoad=true&offset=199&limit=3000&tableID=tblldwUAvDdWR8cd&viewID=vewNhBX7cO&removeFmlExtra=true => [200] 
[POST] https://ecnirb4qfqay.feishu.cn/space/api/room/watch?member_id=76930981572285 => [200] 
[POST] https://ecnirb4qfqay.feishu.cn/space/api/msg_box/get_version => [200] 
[POST] https://ecnirb4qfqay.feishu.cn/space/api/bitable/base_ai_ware/v1/get_job_status => [200] 
[POST] https://ecnirb4qfqay.feishu.cn/space/api/bitable/cost/info => [200] 
[GET] https://ecnirb4qfqay.feishu.cn/space/api/bitable/LmZXbu1aGagNbtsINKDcqnWAnqf/workflow/configs?bizType=2 => [200] 
[POST] https://mcs-bd.feishu.cn/v1/user/webid => [200] 
[POST] https://ecnirb4qfqay.feishu.cn/space/api/room/watch?member_id=76930981572285 => [200] 
[POST] https://ecnirb4qfqay.feishu.cn/space/api/pandora_ws/ws_ticket/ => [200] 
[GET] https://ecnirb4qfqay.feishu.cn/space/api/rce/member_list?member_id=76930981572285&token=LmZXbu1aGagNbtsINKDcqnWAnqf&obj_type=8&protocol_version=2 => [200] 
[POST] https://ecnirb4qfqay.feishu.cn/space/api/rce/heartbeat?member_id=76930981572285 => [200] 
[POST] https://ecnirb4qfqay.feishu.cn/space/api/room/watch?member_id=76930981572285 => [200] 
[GET] https://ecnirb4qfqay.feishu.cn/space/api/rce/member_list?member_id=76930981572285&token=LmZXbu1aGagNbtsINKDcqnWAnqf&obj_type=8&protocol_version=2 => [200] 
[GET] https://ecnirb4qfqay.feishu.cn/space/api/bitable/sidebar/preference => [200] 
[POST] https://mcs-bd.feishu.cn/v1/user/ssid => [200] 
[POST] https://mcs-bd.feishu.cn/v1/list => [200] 
[GET] https://ecnirb4qfqay.feishu.cn/space/api/bitable/LmZXbu1aGagNbtsINKDcqnWAnqf/holiday?country=cn => [200] 
[POST] https://ecnirb4qfqay.feishu.cn/space/api/bitable/datasource/list => [200] 
[POST] https://ecnirb4qfqay.feishu.cn/space/api/v1/bitable/event/collect => [200] 
[GET] https://ecnirb4qfqay.feishu.cn/space/api/user/ => [200] 
[GET] https://ecnirb4qfqay.feishu.cn/space/api/user_properties/get/ => [200] 
[GET] https://ecnirb4qfqay.feishu.cn/space/api/wiki/v2/tree/get_node/?wiki_token=AdfJworx9iSfnAkAQ78cYilsnk7&space_id=7413044305931321348&expand_shortcut=true&with_deleted=true => [200] 
[GET] https://ecnirb4qfqay.feishu.cn/space/api/rce/member_list?member_id=76930981572285&token=LmZXbu1aGagNbtsINKDcqnWAnqf&obj_type=8&protocol_version=2 => [200] 
[GET] https://ecnirb4qfqay.feishu.cn/space/api/bitable/connector/plugins?token=LmZXbu1aGagNbtsINKDcqnWAnqf => [200] 
[POST] https://ecnirb4qfqay.feishu.cn/space/api/explorer/v2/entity/info/ => [200] 
[GET] https://ecnirb4qfqay.feishu.cn/space/data/ai/getSettings/ => [200] 
[POST] https://ecnirb4qfqay.feishu.cn/space/api/ai/ccm/get_composer_setting/ => [200] 
[GET] https://ecnirb4qfqay.feishu.cn/space/api/obj_setting/get/?obj_type=8&obj_token=LmZXbu1aGagNbtsINKDcqnWAnqf&color=%23ebebeb&point_key=PointKey_CCM_OPEN => [200] 
[GET] https://ecnirb4qfqay.feishu.cn/space/api/obj_setting/get/?obj_type=8&obj_token=LmZXbu1aGagNbtsINKDcqnWAnqf&color=%23ebebeb&point_key=PointKey_CCM_PRINT => [200] 
[GET] https://ecnirb4qfqay.feishu.cn/space/api/obj_template/recommend/?platform=default&lang=zh&version=4&scene=docx_app&num=10&conditions=%7B%22ai_prompt_template%22%3A%221%22%7D => [200] 
[GET] https://ecnirb4qfqay.feishu.cn/space/api/bitable/LmZXbu1aGagNbtsINKDcqnWAnqf/workbench/status?token=LmZXbu1aGagNbtsINKDcqnWAnqf => [200] 
[GET] https://ecnirb4qfqay.feishu.cn/space/api/bitable/LmZXbu1aGagNbtsINKDcqnWAnqf/get_workspace_actions => [200] 
[POST] https://ecnirb4qfqay.feishu.cn/space/api/obj_stats/member_active/ => [200] 
[POST] https://ecnirb4qfqay.feishu.cn/space/api/bitable/LmZXbu1aGagNbtsINKDcqnWAnqf/tablesv3/ => [200] 
[POST] https://ecnirb4qfqay.feishu.cn/space/api/bitable/fetch_calc_status/ => [200] 
[GET] https://ecnirb4qfqay.feishu.cn/space/api/wiki/v2/tree/get_info/?space_id=7413044305931321348&with_space=true&with_perm=true&expand_shortcut=true&need_shared=true&exclude_fields=5&with_deleted=true&wiki_token=AdfJworx9iSfnAkAQ78cYilsnk7 => [200] 
[GET] https://ecnirb4qfqay.feishu.cn/space/api/wiki/v2/tree/star/get_favorite_info/?space_id=7413044305931321348&expand_shortcut=true => [200] 
[GET] https://ecnirb4qfqay.feishu.cn/space/api/wiki/v2/space/get_info/?space_id=7413044305931321348 => [200] 
[GET] https://ecnirb4qfqay.feishu.cn/space/api/wiki/v2/tree/get_node/?wiki_token=AdfJworx9iSfnAkAQ78cYilsnk7&space_id=7413044305931321348&expand_shortcut=true&with_deleted=true => [200] 
[POST] https://mcs-bd.feishu.cn/v1/list => [200] 
[GET] https://ecnirb4qfqay.feishu.cn/space/api/bitable/message_center/setting/get?obj_token=LmZXbu1aGagNbtsINKDcqnWAnqf&obj_type=8 => [200] 
[POST] https://ecnirb4qfqay.feishu.cn/space/api/wiki/v2/search/wiki_browse_report/ => [200] 
[GET] https://ecnirb4qfqay.feishu.cn/space/api/wiki/v2/perm/space_admin/ => [200] 
[GET] https://ecnirb4qfqay.feishu.cn/space/api/wiki/v2/perm/node/?space_id=7413044305931321348&wiki_token=AdfJworx9iSfnAkAQ78cYilsnk7 => [200] 
[GET] https://internal-api-security-tenant-probe.feishu.cn/lark/scs/compliance/ping_tenant_restriction => [200] 
[POST] https://mcs-bd.feishu.cn/v1/list => [200] 
[GET] https://ecnirb4qfqay.feishu.cn/space/api/platform/ccm_setting/top_label/get/?obj_token=LmZXbu1aGagNbtsINKDcqnWAnqf&obj_type=8 => [200] 
[GET] https://ecnirb4qfqay.feishu.cn/space/api/v1/bitable/AdfJworx9iSfnAkAQ78cYilsnk7/clientvars?tableID=tblldwUAvDdWR8cd&viewID=vewNhBX7cO&record=&recordLimit=200&ondemandLimit=200&needBase=true&viewLazyLoad=true&ondemandVer=2&openType=0&noMissCS=true&optimizationFlag=1&removeFmlExtra=true => [200] 
[GET] https://ecnirb4qfqay.feishu.cn/space/api/bulletin/get/ => [200] 
[GET] https://ecnirb4qfqay.feishu.cn/baike/v2/api/user_settings?include_brand=true => [200] 
[GET] https://ecnirb4qfqay.feishu.cn/space/api/user/profile/?length=10&type=web => [200] 
[GET] https://ecnirb4qfqay.feishu.cn/space/api/explorer/setting/get/?key=create_default_position => [200] 
[GET] https://ecnirb4qfqay.feishu.cn/space/api/suite/permission/members/count/?token=LmZXbu1aGagNbtsINKDcqnWAnqf&type=8 => [200] 
[GET] https://ecnirb4qfqay.feishu.cn/space/api/sec_label/visible/ => [200] 
[POST] https://ecnirb4qfqay.feishu.cn/space/api/msg_box/get_version => [200] 
[POST] https://ecnirb4qfqay.feishu.cn/space/api/message/get_message.v3/ => [200] 
[POST] https://ecnirb4qfqay.feishu.cn/space/api/msg_box/get_version => [200] 
[POST] https://ecnirb4qfqay.feishu.cn/space/api/comment/commentid/all?obj_type=8&token=LmZXbu1aGagNbtsINKDcqnWAnqf&comment_type_list=0&comment_type_list=1&need_comment_relations=false => [200] 
[GET] https://ecnirb4qfqay.feishu.cn/space/api/wiki/v2/tree/get_path/?wiki_token=AdfJworx9iSfnAkAQ78cYilsnk7&space_id=7413044305931321348&with_space=true => [200] 
[POST] https://internal-api-lark-api.feishu.cn/im/gateway/ => [200] 
[GET] https://ecnirb4qfqay.feishu.cn/space/api/bff/workspace/dashboard/info?space_id=7413044305931321348&date=1773244800&timezone_offset=-480 => [200] 
[GET] https://ecnirb4qfqay.feishu.cn/space/api/wiki/v2/tree/get_node/?wiki_token=AdfJworx9iSfnAkAQ78cYilsnk7&space_id=7413044305931321348&expand_shortcut=true&with_deleted=true => [200] 
[GET] https://ecnirb4qfqay.feishu.cn/space/api/wiki/v2/perm/space/?space_id=7413044305931321348&wiki_actions=can_manage_space&wiki_actions=can_edit_first_level&wiki_actions=can_copy_content&wiki_actions=can_clone&wiki_actions=can_print&wiki_actions=can_export => [200] 
[GET] https://ecnirb4qfqay.feishu.cn/space/api/wiki/v2/perm/space_admin/ => [200] 
[GET] https://internal-api-lark-api.feishu.cn/settings/v3/?platform=web&app_id=1&version=7.39.0&tags=passportWeb&fg_tags=passportWeb&user_brand=feishu => [200] 
[POST] https://ecnirb4qfqay.feishu.cn/accounts/csrf?_t=1773346238719 => [200] 
[GET] https://internal-api-lark-api.feishu.cn/settings/v3/?platform=web&app_id=2&version=7.60.0&tags=policy_sdk_config&fg_tags=policy_sdk_config => [200] 
[GET] https://internal-api-lark-api.feishu.cn/settings/v3/?platform=web&app_id=2&version=7.24.0&tags=policy_sdk_config&fg_tags=audit_sdk => [200] 
[GET] https://internal-api-security.feishu.cn/lark/scs/compliance/intercept/ccm/policystatus?policyType=DLP&entityType=BITABLE&token=LmZXbu1aGagNbtsINKDcqnWAnqf&owner_uid=7432239998001676292&tenant_id=7393374743112712194 => [200] 
[GET] https://internal-api-lark-api.feishu.cn/accounts/config?_t=1773346238801 => [200] 
[GET] https://internal-api-lark-api.feishu.cn/accounts/web/user?app_id=2&support_anonymous=0&_t=1773346238801 => [200] 
[POST] https://internal-api-lark-api.feishu.cn/accounts/status/heartbeat?_t=1773346238801 => [200] 
[GET] https://internal-api-lark-api.feishu.cn/logifier/retrieval/tasks/poll?query=lark_security_7223311570097324034&ts=1773346239&sign=d6d9dc434b440da63b16865ff0e33191c3dd9f0116599ff81e3d989801fe3456 => [200] 
[GET] https://lf-package-cn.feishucdn.com/obj/feishu-static/base-vmok/message-center/1.0.0.639/vmok/vmok-manifest.json => [200] 
[POST] https://mcs-bd.feishu.cn/list => [200] 
[GET] https://ecnirb4qfqay.feishu.cn/space/api/user/ => [200] 
[POST] https://ecnirb4qfqay.feishu.cn/space/api/suite/permission/document/actions/state/ => [200] 
[POST] https://ecnirb4qfqay.feishu.cn/space/api/explorer/v2/entity/info/ => [200] 
[POST] https://slardar-bd.feishu.cn/monitor_browser/collect/batch/?biz_id=docs_pc => [204] 
[POST] https://slardar-bd.feishu.cn/monitor_browser/collect/batch/?biz_id=docs_pc => [204] 
[POST] https://slardar-bd.feishu.cn/monitor_browser/collect/batch/?biz_id=docs_pc => [204] 
[POST] https://slardar-bd.feishu.cn/monitor_browser/collect/batch/?biz_id=docs_pc => [204] 
[POST] https://slardar-bd.feishu.cn/monitor_browser/collect/batch/?biz_id=docs_pc => [204] 
[POST] https://slardar-bd.feishu.cn/monitor_browser/collect/batch/?biz_id=docs_pc => [204] 
[POST] https://slardar-bd.feishu.cn/monitor_browser/collect/batch/?biz_id=docs_pc => [204] 
[POST] https://slardar-bd.feishu.cn/monitor_browser/collect/batch/?biz_id=docs_pc => [204] 
[POST] https://slardar-bd.feishu.cn/monitor_browser/collect/batch/?biz_id=docs_pc => [204] 
[POST] https://slardar-bd.feishu.cn/monitor_browser/collect/batch/?biz_id=docs_pc => [204] 
[POST] https://slardar-bd.feishu.cn/monitor_browser/collect/batch/?biz_id=docs_pc => [204] 
[POST] https://ecnirb4qfqay.feishu.cn/space/api/bitable/pack/extension_metas => [200] 
[POST] https://ecnirb4qfqay.feishu.cn/space/api/bitable/pack/replit/bind_list => [200] 
[POST] https://api.feelgood.cn/athena/survey/platform/action/report/ => [200] 
[POST] https://mcs-bd.feishu.cn/v1/user/ssid => [200] 
[GET] https://ecnirb4qfqay.feishu.cn/space/api/editlimit/get_edit_quantity?member_id=76930981572285&obj_type=8&token=LmZXbu1aGagNbtsINKDcqnWAnqf => [200] 
[GET] https://ecnirb4qfqay.feishu.cn/space/api/bitable/LmZXbu1aGagNbtsINKDcqnWAnqf/share/meta?token=LmZXbu1aGagNbtsINKDcqnWAnqf&tableId=tblldwUAvDdWR8cd&viewId=vewNhBX7cO&recordId=&shareType=2 => [200] 
[GET] https://ecnirb4qfqay.feishu.cn/space/api/wiki/v2/tree/get_node/?wiki_token=AdfJworx9iSfnAkAQ78cYilsnk7&space_id=7413044305931321348&expand_shortcut=true&with_deleted=true => [200] 
[GET] https://ecnirb4qfqay.feishu.cn/space/api/bitable/LmZXbu1aGagNbtsINKDcqnWAnqf/ai_field/running_task_info?onlyFieldTask=true => [200] 
[GET] https://ecnirb4qfqay.feishu.cn/space/api/bitable/base_ai/v1/ai_credit/is_admin => [200] 
[POST] https://internal-api-lark-api.feishu.cn/accounts/status/heartbeat?_t=1773346239222 => [200] 
[POST] https://api.feelgood.cn/athena/survey/platform/action/report/ => [200] 
[POST] https://api.feelgood.cn/athena/survey/platform/action/report/ => [200] 
[GET] https://sf1-scmcdn-cn.feishucdn.com/obj/feishu-static/lark/sync/web/1.0.0-alpha.3-blockit/index_bg.wasm => [200] 
[POST] https://slardar-bd.feishu.cn/monitor_browser/collect/batch/?biz_id=docs_pc => [204] 
[POST] https://internal-api-lark-api.feishu.cn/accounts/csrf?_t=1773346239452 => [200] 
[GET] https://slardar-bd.feishu.cn/monitor_web/settings/browser-settings?bid=TenantWidgetSDK&store=1 => [200] 
[GET] https://internal-api-security-tenant-probe.feishu.cn/lark/scs/compliance/ping_tenant_restriction => [200] 
[GET] https://slardar-bd.feishu.cn/monitor_web/settings/browser-settings?bid=lark_security_audit_reporter&store=1 => [200] 
[GET] https://ecnirb4qfqay.feishu.cn/space/api/bitable/schemaVersion/LmZXbu1aGagNbtsINKDcqnWAnqf/upgradeBasePreCheck => [200] 
[POST] https://internal-api-lark-api.feishu.cn/accounts/security/user/v2/web_list?_t=1773346239554 => [200] 
[GET] https://ecnirb4qfqay.feishu.cn/space/api/v1/bitable/LmZXbu1aGagNbtsINKDcqnWAnqf/link/upgrade/info => [200] 
[POST] https://internal-api-lark-api.feishu.cn/accounts/status/heartbeat?_t=1773346239567 => [200] 
[POST] https://slardar-bd.feishu.cn/monitor_browser/collect/batch/?biz_id=docs_pc => [204] 
[GET] https://lf-package-cn.feishucdn.com/obj/feishu-static/ccm-vmok/sidebar/1.0.0.440/vmok/vmok-manifest.json => [200] 
[GET] https://internal-api-lark-api.feishu.cn/accounts/web/user?app_id=12&_t=1773346239629 => [200] 
[GET] https://ecnirb4qfqay.feishu.cn/space/api/bitable/LmZXbu1aGagNbtsINKDcqnWAnqf/base_ai_ware/v1/config => [200] 
[GET] https://ecnirb4qfqay.feishu.cn/space/api/bitable/schemaVersion/LmZXbu1aGagNbtsINKDcqnWAnqf/querySV2UpgradeFieldChange => [200] 
[POST] https://slardar-bd.feishu.cn/monitor_browser/collect/batch/?biz_id=docs_pc => [204] 
[POST] https://mcs-bd.feishu.cn/list => [200] 
[POST] https://internal-api-lark-api.feishu.cn/im/gateway/ => [200] 
[GET] https://internal-api-lark-api.feishu.cn/settings/v3/?tags=lark-watermark%2Clgw&platform=web&version=5.7.0&fg_tags=lark_watermark => [200] 
[POST] https://mcs-bd.feishu.cn/v1/list => [200] 
[POST] https://mcs-bd.feishu.cn/v1/list => [200] 
[POST] https://mcs-bd.feishu.cn/v1/list => [200] 
[POST] https://mcs-bd.feishu.cn/v1/list => [200] 
[POST] https://mcs-bd.feishu.cn/v1/list => [200] 
[GET] https://internal-api-lark-api.feishu.cn/settings/v3/?version=7.60.1-ccm-alpha.6&app_id=161471&app=lark&platform=web&action=startup&locale=zh_CN&app_channel=saas => [200] 
[POST] https://slardar-bd.feishu.cn/monitor_browser/collect/batch/?biz_id=docs_pc => [204] 
[POST] https://slardar-bd.feishu.cn/monitor_browser/collect/batch/?biz_id=docs_pc => [204] 
[POST] https://internal-api-lark-api.feishu.cn/im/gateway/ => [200] 
[POST] https://internal-api-lark-api.feishu.cn/im/gateway/ => [200] 
[POST] https://internal-api-lark-api.feishu.cn/im/gateway/ => [200] 
[GET] https://slardar-bd.feishu.cn/monitor_web/settings/browser-settings?bid=lark_watermark&store=1 => [200] 
[POST] https://mcs-bd.feishu.cn/v1/list => [200] 
[GET] https://ecnirb4qfqay.feishu.cn/space/api/explorer/custom_list/get => [200] 
[GET] https://ecnirb4qfqay.feishu.cn/space/api/explorer/v3/pin/list/?filter_folder=true => [200] 
[POST] https://slardar-bd.feishu.cn/monitor_browser/collect/batch/?biz_id=docs_pc => [204] 
[POST] https://ecnirb4qfqay.feishu.cn/space/api/suite/permission/document/auth_pairs/batch_get/ => [200] 
[GET] https://internal-api-space.feishu.cn/space/api/bitable/message_center/setting/get?obj_token=LmZXbu1aGagNbtsINKDcqnWAnqf&obj_type=8 => [200] 
[GET] https://internal-api-space.feishu.cn/space/api/bitable/message_center/message/unread_count?obj_token=LmZXbu1aGagNbtsINKDcqnWAnqf&obj_type=8&current_timestamp=0 => [200] 
[POST] https://mcs-bd.feishu.cn/v1/user/webid => [200] 
[POST] https://internal-api-lark-api.feishu.cn/im/gateway/ => [200] 
[POST] https://open.feishu.cn/sync/gendeviceinfo => [200] 
[GET] https://ecnirb4qfqay.feishu.cn/space/api/inline_ai/inline_mode/myai_info/ => [200] 
[POST] https://internal-api-lark-api.feishu.cn/im/gateway/ => [200] 
[POST] https://mcs-bd.feishu.cn/v1/user/ssid => [200] 
[POST] https://mcs-bd.feishu.cn/webid => [200] 
[POST] https://mcs-bd.feishu.cn/webid => [200] 
[POST] https://open.feishu.cn/sync/getsyncconfig => [200] 
[POST] https://mcs-bd.feishu.cn/list => [200] 
[POST] https://mcs-bd.feishu.cn/list => [200] 
[POST] https://mcs-bd.feishu.cn/list => [200] 
[POST] https://slardar-bd.feishu.cn/monitor_browser/collect/batch/?biz_id=lark_security_audit_reporter => [204] 
[POST] https://slardar-bd.feishu.cn/monitor_browser/collect/batch/?biz_id=lark_watermark => [204] 
[POST] https://slardar-bd.feishu.cn/monitor_browser/collect/batch/?biz_id=docs_pc => [204] 
[POST] https://mcs-bd.feishu.cn/v1/list => [200] 
[POST] https://slardar-bd.feishu.cn/monitor_browser/collect/batch/ => [204] 
[POST] https://internal-api-security.feishu.cn/lark/scs/guardian/enforce => [200] 
[POST] https://ecnirb4qfqay.feishu.cn/space/api/suite/permission/document/auth_pairs/batch_get/ => [200] 
[GET] https://ecnirb4qfqay.feishu.cn/space/api/meta/?type=8&token=LmZXbu1aGagNbtsINKDcqnWAnqf => [200] 
[POST] https://ecnirb4qfqay.feishu.cn/space/api/suite/permission/document/auth_pairs/batch_get/ => [200] 
[POST] https://mcs-bd.feishu.cn/v1/list => [200] 
[POST] https://ecnirb4qfqay.feishu.cn/space/api/suite/permission/document/auth_pairs/batch_get/ => [200] 
[POST] https://mcs-bd.feishu.cn/v1/list => [200] 
[POST] https://slardar-bd.feishu.cn/monitor_browser/collect/batch/?biz_id=docs_pc => [204] 
[POST] https://ecnirb4qfqay.feishu.cn/space/api/suite/permission/document/auth_pairs/batch_get/ => [200] 
[POST] https://ecnirb4qfqay.feishu.cn/space/api/suite/permission/document/auth_pairs/batch_get/ => [200] 
[POST] https://ecnirb4qfqay.feishu.cn/space/api/suite/permission/document/auth_pairs/batch_get/ => [200] 
[POST] https://ecnirb4qfqay.feishu.cn/space/api/suite/permission/document/auth_pairs/batch_get/ => [200] 
[POST] https://ecnirb4qfqay.feishu.cn/space/api/suite/permission/document/auth_pairs/batch_get/ => [200] 
[POST] https://ecnirb4qfqay.feishu.cn/space/api/suite/permission/document/auth_pairs/batch_get/ => [200] 
[POST] https://ecnirb4qfqay.feishu.cn/space/api/suite/permission/document/auth_pairs/batch_get/ => [200] 
[POST] https://ecnirb4qfqay.feishu.cn/space/api/suite/permission/document/auth_pairs/batch_get/ => [200] 
[POST] https://mcs-bd.feishu.cn/v1/list => [200] 
[POST] https://ecnirb4qfqay.feishu.cn/space/api/suite/permission/document/auth_pairs/batch_get/ => [200] 
[POST] https://ecnirb4qfqay.feishu.cn/space/api/suite/permission/document/auth_pairs/batch_get/ => [200] 
[GET] https://internal-api-security.feishu.cn/lark/scs/compliance/ping => [200] 
[POST] https://mcs-bd.feishu.cn/v1/list => [200] 
[POST] https://ecnirb4qfqay.feishu.cn/space/api/suite/permission/document/auth_pairs/batch_get/ => [200] 
[POST] https://ecnirb4qfqay.feishu.cn/space/api/suite/permission/document/auth_pairs/batch_get/ => [200] 
[POST] https://ecnirb4qfqay.feishu.cn/space/api/suite/permission/document/auth_pairs/batch_get/ => [200] 
[POST] https://ecnirb4qfqay.feishu.cn/space/api/suite/permission/document/auth_pairs/batch_get/ => [200] 
[POST] https://ecnirb4qfqay.feishu.cn/space/api/suite/permission/document/auth_pairs/batch_get/ => [200] 
[POST] https://ecnirb4qfqay.feishu.cn/space/api/suite/permission/document/auth_pairs/batch_get/ => [200] 
[POST] https://ecnirb4qfqay.feishu.cn/space/api/suite/permission/document/auth_pairs/batch_get/ => [200] 
[POST] https://ecnirb4qfqay.feishu.cn/space/api/suite/permission/document/auth_pairs/batch_get/ => [200] 
[POST] https://mcs-bd.feishu.cn/v1/list => [200] 
[POST] https://ecnirb4qfqay.feishu.cn/space/api/v1/bitable/obj_meta_list => [200] 
[POST] https://ecnirb4qfqay.feishu.cn/space/api/suite/permission/document/auth_pairs/batch_get/ => [200] 
[POST] https://ecnirb4qfqay.feishu.cn/space/api/suite/permission/document/auth_pairs/batch_get/ => [200] 
[POST] https://ecnirb4qfqay.feishu.cn/space/api/bitable/base_ai_ware/v1/sync_job => [200] 
[POST] https://ecnirb4qfqay.feishu.cn/space/api/suite/permission/document/auth_pairs/batch_get/ => [200] 
[GET] https://internal-api-security.feishu.cn/lark/scs/compliance/ping => [200] 
[POST] https://mcs-bd.feishu.cn/v1/list => [200] 
[POST] https://ecnirb4qfqay.feishu.cn/space/api/suite/permission/document/auth_pairs/batch_get/ => [200] 
[POST] https://slardar-bd.feishu.cn/monitor_browser/collect/batch/?biz_id=docs_pc => [204] 
[POST] https://ecnirb4qfqay.feishu.cn/space/api/suite/permission/document/auth_pairs/batch_get/ => [200] 
[GET] https://internal-api-lark-api.feishu.cn/logifier/retrieval/tasks/poll?query=lark_security_7223311570097324034&ts=1773346300&sign=cfa8ece681c93adcc2a97da62e0484fbca336087e4c42ec77191eba5ad7b1235 => [200] 
[POST] https://internal-api-lark-api.feishu.cn/accounts/status/heartbeat?_t=1773346299692 => [200] 
[POST] https://ecnirb4qfqay.feishu.cn/space/api/suite/permission/document/auth_pairs/batch_get/ => [200] 
[POST] https://ecnirb4qfqay.feishu.cn/space/api/suite/permission/document/auth_pairs/batch_get/ => [200] 
[POST] https://ecnirb4qfqay.feishu.cn/space/api/suite/permission/document/auth_pairs/batch_get/ => [200] 
[GET] https://ecnirb4qfqay.feishu.cn/space/api/bitable/LmZXbu1aGagNbtsINKDcqnWAnqf/share/meta?token=LmZXbu1aGagNbtsINKDcqnWAnqf&tableId=tblldwUAvDdWR8cd&viewId=vewNhBX7cO&recordId=&shareType=2 => [200] 
[POST] https://mcs-bd.feishu.cn/v1/list => [200] 
[POST] https://ecnirb4qfqay.feishu.cn/space/api/suite/permission/document/auth_pairs/batch_get/ => [200] 
[POST] https://ecnirb4qfqay.feishu.cn/space/api/suite/permission/document/auth_pairs/batch_get/ => [200] 
[POST] https://ecnirb4qfqay.feishu.cn/space/api/suite/permission/document/auth_pairs/batch_get/ => [200] 
[POST] https://ecnirb4qfqay.feishu.cn/space/api/suite/permission/document/auth_pairs/batch_get/ => [200] 
[POST] https://ecnirb4qfqay.feishu.cn/space/api/suite/permission/document/auth_pairs/batch_get/ => [200] 
[GET] https://internal-api-security.feishu.cn/lark/scs/compliance/ping => [200] 
[POST] https://ecnirb4qfqay.feishu.cn/space/api/suite/permission/document/auth_pairs/batch_get/ => [200] 
[POST] https://mcs-bd.feishu.cn/v1/list => [200] 
[POST] https://ecnirb4qfqay.feishu.cn/space/api/suite/permission/document/auth_pairs/batch_get/ => [200] 
[POST] https://ecnirb4qfqay.feishu.cn/space/api/suite/permission/document/auth_pairs/batch_get/ => [200] 
[POST] https://ecnirb4qfqay.feishu.cn/space/api/suite/permission/document/auth_pairs/batch_get/ => [200] 
[POST] https://ecnirb4qfqay.feishu.cn/space/api/suite/permission/document/auth_pairs/batch_get/ => [200] 
[POST] https://ecnirb4qfqay.feishu.cn/space/api/suite/permission/document/auth_pairs/batch_get/ => [200] 
[POST] https://ecnirb4qfqay.feishu.cn/space/api/suite/permission/document/auth_pairs/batch_get/ => [200] 
[POST] https://ecnirb4qfqay.feishu.cn/space/api/suite/permission/document/auth_pairs/batch_get/ => [200] 
[POST] https://ecnirb4qfqay.feishu.cn/space/api/suite/permission/document/auth_pairs/batch_get/ => [200] 
[POST] https://mcs-bd.feishu.cn/v1/list => [200] 
[POST] https://ecnirb4qfqay.feishu.cn/space/api/suite/permission/document/auth_pairs/batch_get/ => [200] 
[POST] https://ecnirb4qfqay.feishu.cn/space/api/suite/permission/document/auth_pairs/batch_get/ => [200] 
[POST] https://ecnirb4qfqay.feishu.cn/space/api/suite/permission/document/auth_pairs/batch_get/ => [200] 
[POST] https://ecnirb4qfqay.feishu.cn/space/api/suite/permission/document/auth_pairs/batch_get/ => [200] 
[GET] https://internal-api-security.feishu.cn/lark/scs/compliance/ping => [200] 
[POST] https://mcs-bd.feishu.cn/v1/list => [200] 
[POST] https://ecnirb4qfqay.feishu.cn/space/api/suite/permission/document/auth_pairs/batch_get/ => [200] 
[GET] https://ecnirb4qfqay.feishu.cn/space/api/bitable/LmZXbu1aGagNbtsINKDcqnWAnqf/share/meta?token=LmZXbu1aGagNbtsINKDcqnWAnqf&tableId=tblldwUAvDdWR8cd&viewId=vewNhBX7cO&recordId=&shareType=2 => [200] 
[POST] https://ecnirb4qfqay.feishu.cn/space/api/suite/permission/document/auth_pairs/batch_get/ => [200] 
[GET] https://internal-api-lark-api.feishu.cn/logifier/retrieval/tasks/poll?query=lark_security_7223311570097324034&ts=1773346360&sign=33f897274263b02f6e5d5c52f0b5f04e8db3a151c08b2dc0df1c8d0a086b8355 => [200] 
[POST] https://internal-api-lark-api.feishu.cn/accounts/status/heartbeat?_t=1773346359754 => [200] 
[POST] https://ecnirb4qfqay.feishu.cn/space/api/suite/permission/document/auth_pairs/batch_get/ => [200] 
[POST] https://ecnirb4qfqay.feishu.cn/space/api/obj_stats/member_active/ => [200] 
[GET] https://internal-api-security.feishu.cn/lark/scs/compliance/ping => [200] 
[POST] https://mcs-bd.feishu.cn/v1/list => [200] 
[POST] https://ecnirb4qfqay.feishu.cn/space/api/bitable/pack/market/pack_meta/list => [200] 
[GET] https://ecnirb4qfqay.feishu.cn/space/api/bitable/pack/replit/banner_setting?token=LmZXbu1aGagNbtsINKDcqnWAnqf&extensionType=side_view => [200] 
[POST] https://ecnirb4qfqay.feishu.cn/space/api/bitable/pack/replit/classification => [200] 
[POST] https://ecnirb4qfqay.feishu.cn/space/api/bitable/pack/replit/bind_list => [200] 
[POST] https://ecnirb4qfqay.feishu.cn/space/api/bitable/pack/replit/category_list => [200] 
[POST] https://slardar-bd.feishu.cn/monitor_browser/collect/batch/?biz_id=docs_pc => [204] 
[POST] https://slardar-bd.feishu.cn/monitor_browser/collect/batch/?biz_id=docs_pc => [204] 
[GET] https://internal-api-security.feishu.cn/lark/scs/compliance/ping => [200] 
[POST] https://mcs-bd.feishu.cn/v1/list => [200] 
[GET] https://internal-api-lark-api.feishu.cn/logifier/retrieval/tasks/poll?query=lark_security_7223311570097324034&ts=1773346420&sign=4a43314f84fc923b749fa679a5e3c6a46cd8826e2c46aa2bae5bac9d1d55b192 => [200] 
[POST] https://internal-api-lark-api.feishu.cn/accounts/status/heartbeat?_t=1773346419819 => [200] 
[GET] https://internal-api-security.feishu.cn/lark/scs/compliance/ping => [200] 
[POST] https://mcs-bd.feishu.cn/v1/list => [200] 
[GET] https://internal-api-security.feishu.cn/lark/scs/compliance/ping => [200] 
[POST] https://mcs-bd.feishu.cn/v1/list => [200] 
[GET] https://internal-api-lark-api.feishu.cn/logifier/retrieval/tasks/poll?query=lark_security_7223311570097324034&ts=1773346480&sign=c03400291b4a98b5b9b8fcdfa7be174afa98a74447abc4191a874aa628a1d622 => [200] 
[POST] https://internal-api-lark-api.feishu.cn/accounts/status/heartbeat?_t=1773346479877 => [200] 