[    1100ms] [WARNING] A parser-blocking, cross site (i.e. different eTLD+1) script, https://lf-package-cn.feishucdn.com/obj/feishu-static/ccm/bitable/share/resource/bear/lang/form/zh-CN.7664c5de24bdb0f6.js, is invoked via document.write. The network request for this script MAY be blocked by the browser in this or a future page load due to poor network connectivity. If blocked in this page load, it will be confirmed in a subsequent console message. See https://www.chromestatus.com/feature/5718547946799104 for more details. @ https://ecnirb4qfqay.feishu.cn/share/base/form/shrcnTJ4XmMa6QuqZcow9j4VwQf:4
[    1101ms] [WARNING] A parser-blocking, cross site (i.e. different eTLD+1) script, https://lf-package-cn.feishucdn.com/obj/feishu-static/ccm/bitable/share/resource/bear/js/form_share.286d4174999b7c059c9d.js, is invoked via document.write. The network request for this script MAY be blocked by the browser in this or a future page load due to poor network connectivity. If blocked in this page load, it will be confirmed in a subsequent console message. See https://www.chromestatus.com/feature/5718547946799104 for more details. @ https://ecnirb4qfqay.feishu.cn/share/base/form/shrcnTJ4XmMa6QuqZcow9j4VwQf:4
[    1101ms] [WARNING] A parser-blocking, cross site (i.e. different eTLD+1) script, https://lf-package-cn.feishucdn.com/obj/feishu-static/ccm/bitable/share/resource/bear/lang/form/zh-CN.7664c5de24bdb0f6.js, is invoked via document.write. The network request for this script MAY be blocked by the browser in this or a future page load due to poor network connectivity. If blocked in this page load, it will be confirmed in a subsequent console message. See https://www.chromestatus.com/feature/5718547946799104 for more details. @ https://ecnirb4qfqay.feishu.cn/share/base/form/shrcnTJ4XmMa6QuqZcow9j4VwQf:4
[    1125ms] [WARNING] [@platform-fe/browser] 'isIphoneX' is deprecated, please use 'isIPhoneX' instead @ https://lf-package-cn.feishucdn.com/obj/feishu-static/ccm/bitable/share/resource/bear/js/form_share.286d4174999b7c059c9d.js:66
[    1160ms] [ERROR] Not allowed to get config "ccm_bitable_base_config" during initialization @ https://lf-package-cn.feishucdn.com/obj/feishu-static/ccm/bitable/share/resource/bear/js/form_share.286d4174999b7c059c9d.js:4
[    1160ms] [ERROR] Not allowed to get config "base.ui.use_ud_select_dropdown_new" during initialization @ https://lf-package-cn.feishucdn.com/obj/feishu-static/ccm/bitable/share/resource/bear/js/form_share.286d4174999b7c059c9d.js:4
[    1160ms] [ERROR] Not allowed to get config "ccm_bitable_base_config" during initialization @ https://lf-package-cn.feishucdn.com/obj/feishu-static/ccm/bitable/share/resource/bear/js/form_share.286d4174999b7c059c9d.js:4
[    1160ms] [ERROR] Not allowed to get config "ccm.base.class.to.function1" during initialization @ https://lf-package-cn.feishucdn.com/obj/feishu-static/ccm/bitable/share/resource/bear/js/form_share.286d4174999b7c059c9d.js:4
[    1161ms] [ERROR] Not allowed to get config "ccm_bitable_base_config" during initialization @ https://lf-package-cn.feishucdn.com/obj/feishu-static/ccm/bitable/share/resource/bear/js/form_share.286d4174999b7c059c9d.js:4
[    1161ms] [ERROR] Not allowed to get config "ccm.base.class.to.function1" during initialization @ https://lf-package-cn.feishucdn.com/obj/feishu-static/ccm/bitable/share/resource/bear/js/form_share.286d4174999b7c059c9d.js:4
[    1161ms] [ERROR] Not allowed to get config "ccm_bitable_base_config" during initialization @ https://lf-package-cn.feishucdn.com/obj/feishu-static/ccm/bitable/share/resource/bear/js/form_share.286d4174999b7c059c9d.js:4
[    1161ms] [ERROR] Not allowed to get config "ccm.base.class.to.function1" during initialization @ https://lf-package-cn.feishucdn.com/obj/feishu-static/ccm/bitable/share/resource/bear/js/form_share.286d4174999b7c059c9d.js:4
[    1161ms] [ERROR] Not allowed to get config "ccm_bitable_base_config" during initialization @ https://lf-package-cn.feishucdn.com/obj/feishu-static/ccm/bitable/share/resource/bear/js/form_share.286d4174999b7c059c9d.js:4
[    1161ms] [ERROR] Not allowed to get config "ccm.base.class.to.function1" during initialization @ https://lf-package-cn.feishucdn.com/obj/feishu-static/ccm/bitable/share/resource/bear/js/form_share.286d4174999b7c059c9d.js:4
[    1161ms] [ERROR] Not allowed to get config "ccm_bitable_base_config" during initialization @ https://lf-package-cn.feishucdn.com/obj/feishu-static/ccm/bitable/share/resource/bear/js/form_share.286d4174999b7c059c9d.js:4
[    1161ms] [ERROR] Not allowed to get config "ccm.base.class.to.function1" during initialization @ https://lf-package-cn.feishucdn.com/obj/feishu-static/ccm/bitable/share/resource/bear/js/form_share.286d4174999b7c059c9d.js:4
[    1161ms] [ERROR] Not allowed to get config "ccm_bitable_base_config" during initialization @ https://lf-package-cn.feishucdn.com/obj/feishu-static/ccm/bitable/share/resource/bear/js/form_share.286d4174999b7c059c9d.js:4
[    1161ms] [ERROR] Not allowed to get config "ccm.base.class.to.function1" during initialization @ https://lf-package-cn.feishucdn.com/obj/feishu-static/ccm/bitable/share/resource/bear/js/form_share.286d4174999b7c059c9d.js:4
[    1161ms] [ERROR] Not allowed to get config "ccm_bitable_base_config" during initialization @ https://lf-package-cn.feishucdn.com/obj/feishu-static/ccm/bitable/share/resource/bear/js/form_share.286d4174999b7c059c9d.js:4
[    1161ms] [ERROR] Not allowed to get config "ccm.base.class.to.function1" during initialization @ https://lf-package-cn.feishucdn.com/obj/feishu-static/ccm/bitable/share/resource/bear/js/form_share.286d4174999b7c059c9d.js:4
[    1161ms] [ERROR] Not allowed to get config "ccm_bitable_base_config" during initialization @ https://lf-package-cn.feishucdn.com/obj/feishu-static/ccm/bitable/share/resource/bear/js/form_share.286d4174999b7c059c9d.js:4
[    1162ms] [ERROR] Not allowed to get config "ccm.base.class.to.function1" during initialization @ https://lf-package-cn.feishucdn.com/obj/feishu-static/ccm/bitable/share/resource/bear/js/form_share.286d4174999b7c059c9d.js:4
[    1162ms] [ERROR] Not allowed to get config "ccm_bitable_base_config" during initialization @ https://lf-package-cn.feishucdn.com/obj/feishu-static/ccm/bitable/share/resource/bear/js/form_share.286d4174999b7c059c9d.js:4
[    1162ms] [ERROR] Not allowed to get config "ccm.base.class.to.function1" during initialization @ https://lf-package-cn.feishucdn.com/obj/feishu-static/ccm/bitable/share/resource/bear/js/form_share.286d4174999b7c059c9d.js:4
[    1195ms] Uncaught (in promise) Error: load emoji sprite failed
    at <anonymous> (https://lf-package-cn.feishucdn.com/obj/feishu-static/ccm/bitable/share/resource/bear/js/form_share.286d4174999b7c059c9d.js:132:71668)
[    1290ms] [ERROR] Failed to load resource: the server responded with a status of 401 () @ https://ecnirb4qfqay.feishu.cn/accounts/web/user?app_id=undefined&support_anonymous=0&_t=1773303487885:0
[    1339ms] [WARNING] resource is not found undefined @ https://lf-package-cn.feishucdn.com/obj/feishu-static/ccm/bitable/share/resource/bear/js/form_share.286d4174999b7c059c9d.js:4
[    1389ms] [ERROR] Failed to load resource: the server responded with a status of 403 () @ https://internal-api-lark-api.feishu.cn/im/gateway/:0
[    1441ms] [WARNING] 【二期提醒】: 使用 html 初始化时，请用newEditor反序列化后传入到 oldEditor @ https://lf-package-cn.feishucdn.com/obj/feishu-static/ccm/bitable/share/resource/bear/js/3688.26a15bae3fe2f43a13c7.js:17
[    1443ms] [WARNING] aceRegisterBlockElements 不再支持，请业务重写Editor.isBlockElement @ https://lf-package-cn.feishucdn.com/obj/feishu-static/ccm/bitable/share/resource/bear/js/3688.26a15bae3fe2f43a13c7.js:17
[    1449ms] [WARNING] 【二期提醒】: 使用 html 初始化时，请用newEditor反序列化后传入到 oldEditor @ https://lf-package-cn.feishucdn.com/obj/feishu-static/ccm/bitable/share/resource/bear/js/3688.26a15bae3fe2f43a13c7.js:17
[    1450ms] [WARNING] aceRegisterBlockElements 不再支持，请业务重写Editor.isBlockElement @ https://lf-package-cn.feishucdn.com/obj/feishu-static/ccm/bitable/share/resource/bear/js/3688.26a15bae3fe2f43a13c7.js:17
[    1451ms] [WARNING] 【二期提醒】: 使用 html 初始化时，请用newEditor反序列化后传入到 oldEditor @ https://lf-package-cn.feishucdn.com/obj/feishu-static/ccm/bitable/share/resource/bear/js/3688.26a15bae3fe2f43a13c7.js:17
[    1452ms] [WARNING] aceRegisterBlockElements 不再支持，请业务重写Editor.isBlockElement @ https://lf-package-cn.feishucdn.com/obj/feishu-static/ccm/bitable/share/resource/bear/js/3688.26a15bae3fe2f43a13c7.js:17
[    1453ms] [WARNING] 【二期提醒】: 使用 html 初始化时，请用newEditor反序列化后传入到 oldEditor @ https://lf-package-cn.feishucdn.com/obj/feishu-static/ccm/bitable/share/resource/bear/js/3688.26a15bae3fe2f43a13c7.js:17
[    1453ms] [WARNING] aceRegisterBlockElements 不再支持，请业务重写Editor.isBlockElement @ https://lf-package-cn.feishucdn.com/obj/feishu-static/ccm/bitable/share/resource/bear/js/3688.26a15bae3fe2f43a13c7.js:17
[    1454ms] [WARNING] 【二期提醒】: 使用 html 初始化时，请用newEditor反序列化后传入到 oldEditor @ https://lf-package-cn.feishucdn.com/obj/feishu-static/ccm/bitable/share/resource/bear/js/3688.26a15bae3fe2f43a13c7.js:17
[    1454ms] [WARNING] aceRegisterBlockElements 不再支持，请业务重写Editor.isBlockElement @ https://lf-package-cn.feishucdn.com/obj/feishu-static/ccm/bitable/share/resource/bear/js/3688.26a15bae3fe2f43a13c7.js:17
[    1455ms] [WARNING] 【二期提醒】: 使用 html 初始化时，请用newEditor反序列化后传入到 oldEditor @ https://lf-package-cn.feishucdn.com/obj/feishu-static/ccm/bitable/share/resource/bear/js/3688.26a15bae3fe2f43a13c7.js:17
[    1456ms] [WARNING] aceRegisterBlockElements 不再支持，请业务重写Editor.isBlockElement @ https://lf-package-cn.feishucdn.com/obj/feishu-static/ccm/bitable/share/resource/bear/js/3688.26a15bae3fe2f43a13c7.js:17
[    1457ms] [WARNING] 【二期提醒】: 使用 html 初始化时，请用newEditor反序列化后传入到 oldEditor @ https://lf-package-cn.feishucdn.com/obj/feishu-static/ccm/bitable/share/resource/bear/js/3688.26a15bae3fe2f43a13c7.js:17
[    1457ms] [WARNING] aceRegisterBlockElements 不再支持，请业务重写Editor.isBlockElement @ https://lf-package-cn.feishucdn.com/obj/feishu-static/ccm/bitable/share/resource/bear/js/3688.26a15bae3fe2f43a13c7.js:17
[    1457ms] [WARNING] 【二期提醒】: 使用 html 初始化时，请用newEditor反序列化后传入到 oldEditor @ https://lf-package-cn.feishucdn.com/obj/feishu-static/ccm/bitable/share/resource/bear/js/3688.26a15bae3fe2f43a13c7.js:17
[    1458ms] [WARNING] aceRegisterBlockElements 不再支持，请业务重写Editor.isBlockElement @ https://lf-package-cn.feishucdn.com/obj/feishu-static/ccm/bitable/share/resource/bear/js/3688.26a15bae3fe2f43a13c7.js:17
[    1458ms] [WARNING] 【二期提醒】: 使用 html 初始化时，请用newEditor反序列化后传入到 oldEditor @ https://lf-package-cn.feishucdn.com/obj/feishu-static/ccm/bitable/share/resource/bear/js/3688.26a15bae3fe2f43a13c7.js:17
[    1458ms] [WARNING] aceRegisterBlockElements 不再支持，请业务重写Editor.isBlockElement @ https://lf-package-cn.feishucdn.com/obj/feishu-static/ccm/bitable/share/resource/bear/js/3688.26a15bae3fe2f43a13c7.js:17
[    1459ms] [WARNING] 【二期提醒】: 使用 html 初始化时，请用newEditor反序列化后传入到 oldEditor @ https://lf-package-cn.feishucdn.com/obj/feishu-static/ccm/bitable/share/resource/bear/js/3688.26a15bae3fe2f43a13c7.js:17
[    1459ms] [WARNING] aceRegisterBlockElements 不再支持，请业务重写Editor.isBlockElement @ https://lf-package-cn.feishucdn.com/obj/feishu-static/ccm/bitable/share/resource/bear/js/3688.26a15bae3fe2f43a13c7.js:17
[    1460ms] [WARNING] 【二期提醒】: 使用 html 初始化时，请用newEditor反序列化后传入到 oldEditor @ https://lf-package-cn.feishucdn.com/obj/feishu-static/ccm/bitable/share/resource/bear/js/3688.26a15bae3fe2f43a13c7.js:17
[    1460ms] [WARNING] aceRegisterBlockElements 不再支持，请业务重写Editor.isBlockElement @ https://lf-package-cn.feishucdn.com/obj/feishu-static/ccm/bitable/share/resource/bear/js/3688.26a15bae3fe2f43a13c7.js:17
[    1461ms] [WARNING] 【二期提醒】: 使用 html 初始化时，请用newEditor反序列化后传入到 oldEditor @ https://lf-package-cn.feishucdn.com/obj/feishu-static/ccm/bitable/share/resource/bear/js/3688.26a15bae3fe2f43a13c7.js:17
[    1461ms] [WARNING] aceRegisterBlockElements 不再支持，请业务重写Editor.isBlockElement @ https://lf-package-cn.feishucdn.com/obj/feishu-static/ccm/bitable/share/resource/bear/js/3688.26a15bae3fe2f43a13c7.js:17
[    1462ms] [WARNING] 【二期提醒】: 使用 html 初始化时，请用newEditor反序列化后传入到 oldEditor @ https://lf-package-cn.feishucdn.com/obj/feishu-static/ccm/bitable/share/resource/bear/js/3688.26a15bae3fe2f43a13c7.js:17
[    1462ms] [WARNING] aceRegisterBlockElements 不再支持，请业务重写Editor.isBlockElement @ https://lf-package-cn.feishucdn.com/obj/feishu-static/ccm/bitable/share/resource/bear/js/3688.26a15bae3fe2f43a13c7.js:17
[    1462ms] [WARNING] 【二期提醒】: 使用 html 初始化时，请用newEditor反序列化后传入到 oldEditor @ https://lf-package-cn.feishucdn.com/obj/feishu-static/ccm/bitable/share/resource/bear/js/3688.26a15bae3fe2f43a13c7.js:17
[    1463ms] [WARNING] aceRegisterBlockElements 不再支持，请业务重写Editor.isBlockElement @ https://lf-package-cn.feishucdn.com/obj/feishu-static/ccm/bitable/share/resource/bear/js/3688.26a15bae3fe2f43a13c7.js:17
[    1658ms] [ERROR] Failed to load resource: the server responded with a status of 403 () @ https://internal-api-lark-api.feishu.cn/im/gateway/:0
[    1693ms] [ERROR] Failed to load resource: the server responded with a status of 403 () @ https://internal-api-lark-api.feishu.cn/im/gateway/:0
