[    3175ms] [WARNING] A parser-blocking, cross site (i.e. different eTLD+1) script, https://lf-package-cn.feishucdn.com/obj/feishu-static/ccm/bitable/share/resource/bear/lang/form/zh-CN.7664c5de24bdb0f6.js, is invoked via document.write. The network request for this script MAY be blocked by the browser in this or a future page load due to poor network connectivity. If blocked in this page load, it will be confirmed in a subsequent console message. See https://www.chromestatus.com/feature/5718547946799104 for more details. @ https://ecnirb4qfqay.feishu.cn/share/base/form/shrcnTJ4XmMa6QuqZcow9j4VwQf?auth_token=U7CK1RF-0faj426a-6cd0-484a-b05e-04817028712c-NN5W4:4
[    3176ms] [WARNING] A parser-blocking, cross site (i.e. different eTLD+1) script, https://lf-package-cn.feishucdn.com/obj/feishu-static/ccm/bitable/share/resource/bear/js/form_share.286d4174999b7c059c9d.js, is invoked via document.write. The network request for this script MAY be blocked by the browser in this or a future page load due to poor network connectivity. If blocked in this page load, it will be confirmed in a subsequent console message. See https://www.chromestatus.com/feature/5718547946799104 for more details. @ https://ecnirb4qfqay.feishu.cn/share/base/form/shrcnTJ4XmMa6QuqZcow9j4VwQf?auth_token=U7CK1RF-0faj426a-6cd0-484a-b05e-04817028712c-NN5W4:4
[    3176ms] [WARNING] A parser-blocking, cross site (i.e. different eTLD+1) script, https://lf-package-cn.feishucdn.com/obj/feishu-static/ccm/bitable/share/resource/bear/lang/form/zh-CN.7664c5de24bdb0f6.js, is invoked via document.write. The network request for this script MAY be blocked by the browser in this or a future page load due to poor network connectivity. If blocked in this page load, it will be confirmed in a subsequent console message. See https://www.chromestatus.com/feature/5718547946799104 for more details. @ https://ecnirb4qfqay.feishu.cn/share/base/form/shrcnTJ4XmMa6QuqZcow9j4VwQf?auth_token=U7CK1RF-0faj426a-6cd0-484a-b05e-04817028712c-NN5W4:4
[    3355ms] [WARNING] [@platform-fe/browser] 'isIphoneX' is deprecated, please use 'isIPhoneX' instead @ https://lf-package-cn.feishucdn.com/obj/feishu-static/ccm/bitable/share/resource/bear/js/form_share.286d4174999b7c059c9d.js:66
[    3473ms] [ERROR] Not allowed to get config "ccm_bitable_base_config" during initialization @ https://lf-package-cn.feishucdn.com/obj/feishu-static/ccm/bitable/share/resource/bear/js/form_share.286d4174999b7c059c9d.js:4
[    3473ms] [ERROR] Not allowed to get config "base.ui.use_ud_select_dropdown_new" during initialization @ https://lf-package-cn.feishucdn.com/obj/feishu-static/ccm/bitable/share/resource/bear/js/form_share.286d4174999b7c059c9d.js:4
[    3474ms] [ERROR] Not allowed to get config "ccm_bitable_base_config" during initialization @ https://lf-package-cn.feishucdn.com/obj/feishu-static/ccm/bitable/share/resource/bear/js/form_share.286d4174999b7c059c9d.js:4
[    3474ms] [ERROR] Not allowed to get config "ccm.base.class.to.function1" during initialization @ https://lf-package-cn.feishucdn.com/obj/feishu-static/ccm/bitable/share/resource/bear/js/form_share.286d4174999b7c059c9d.js:4
[    3474ms] [ERROR] Not allowed to get config "ccm_bitable_base_config" during initialization @ https://lf-package-cn.feishucdn.com/obj/feishu-static/ccm/bitable/share/resource/bear/js/form_share.286d4174999b7c059c9d.js:4
[    3474ms] [ERROR] Not allowed to get config "ccm.base.class.to.function1" during initialization @ https://lf-package-cn.feishucdn.com/obj/feishu-static/ccm/bitable/share/resource/bear/js/form_share.286d4174999b7c059c9d.js:4
[    3474ms] [ERROR] Not allowed to get config "ccm_bitable_base_config" during initialization @ https://lf-package-cn.feishucdn.com/obj/feishu-static/ccm/bitable/share/resource/bear/js/form_share.286d4174999b7c059c9d.js:4
[    3474ms] [ERROR] Not allowed to get config "ccm.base.class.to.function1" during initialization @ https://lf-package-cn.feishucdn.com/obj/feishu-static/ccm/bitable/share/resource/bear/js/form_share.286d4174999b7c059c9d.js:4
[    3474ms] [ERROR] Not allowed to get config "ccm_bitable_base_config" during initialization @ https://lf-package-cn.feishucdn.com/obj/feishu-static/ccm/bitable/share/resource/bear/js/form_share.286d4174999b7c059c9d.js:4
[    3475ms] [ERROR] Not allowed to get config "ccm.base.class.to.function1" during initialization @ https://lf-package-cn.feishucdn.com/obj/feishu-static/ccm/bitable/share/resource/bear/js/form_share.286d4174999b7c059c9d.js:4
[    3475ms] [ERROR] Not allowed to get config "ccm_bitable_base_config" during initialization @ https://lf-package-cn.feishucdn.com/obj/feishu-static/ccm/bitable/share/resource/bear/js/form_share.286d4174999b7c059c9d.js:4
[    3475ms] [ERROR] Not allowed to get config "ccm.base.class.to.function1" during initialization @ https://lf-package-cn.feishucdn.com/obj/feishu-static/ccm/bitable/share/resource/bear/js/form_share.286d4174999b7c059c9d.js:4
[    3475ms] [ERROR] Not allowed to get config "ccm_bitable_base_config" during initialization @ https://lf-package-cn.feishucdn.com/obj/feishu-static/ccm/bitable/share/resource/bear/js/form_share.286d4174999b7c059c9d.js:4
[    3475ms] [ERROR] Not allowed to get config "ccm.base.class.to.function1" during initialization @ https://lf-package-cn.feishucdn.com/obj/feishu-static/ccm/bitable/share/resource/bear/js/form_share.286d4174999b7c059c9d.js:4
[    3475ms] [ERROR] Not allowed to get config "ccm_bitable_base_config" during initialization @ https://lf-package-cn.feishucdn.com/obj/feishu-static/ccm/bitable/share/resource/bear/js/form_share.286d4174999b7c059c9d.js:4
[    3475ms] [ERROR] Not allowed to get config "ccm.base.class.to.function1" during initialization @ https://lf-package-cn.feishucdn.com/obj/feishu-static/ccm/bitable/share/resource/bear/js/form_share.286d4174999b7c059c9d.js:4
[    3475ms] [ERROR] Not allowed to get config "ccm_bitable_base_config" during initialization @ https://lf-package-cn.feishucdn.com/obj/feishu-static/ccm/bitable/share/resource/bear/js/form_share.286d4174999b7c059c9d.js:4
[    3475ms] [ERROR] Not allowed to get config "ccm.base.class.to.function1" during initialization @ https://lf-package-cn.feishucdn.com/obj/feishu-static/ccm/bitable/share/resource/bear/js/form_share.286d4174999b7c059c9d.js:4
[    3475ms] [ERROR] Not allowed to get config "ccm_bitable_base_config" during initialization @ https://lf-package-cn.feishucdn.com/obj/feishu-static/ccm/bitable/share/resource/bear/js/form_share.286d4174999b7c059c9d.js:4
[    3475ms] [ERROR] Not allowed to get config "ccm.base.class.to.function1" during initialization @ https://lf-package-cn.feishucdn.com/obj/feishu-static/ccm/bitable/share/resource/bear/js/form_share.286d4174999b7c059c9d.js:4
[    3536ms] Uncaught (in promise) Error: load emoji sprite failed
    at yn.loading.n.onerror (https://lf-package-cn.feishucdn.com/obj/feishu-static/ccm/bitable/share/resource/bear/js/form_share.286d4174999b7c059c9d.js:132:71668)
[    3756ms] [ERROR] Failed to load resource: the server responded with a status of 401 () @ https://ecnirb4qfqay.feishu.cn/accounts/web/user?app_id=undefined&support_anonymous=0&_t=1773299490382:0
[    3804ms] [WARNING] resource is not found undefined @ https://lf-package-cn.feishucdn.com/obj/feishu-static/ccm/bitable/share/resource/bear/js/form_share.286d4174999b7c059c9d.js:4
[    3844ms] [ERROR] Failed to load resource: the server responded with a status of 403 () @ https://internal-api-lark-api.feishu.cn/im/gateway/:0
[    3921ms] [WARNING] 【二期提醒】: 使用 html 初始化时，请用newEditor反序列化后传入到 oldEditor @ https://lf-package-cn.feishucdn.com/obj/feishu-static/ccm/bitable/share/resource/bear/js/3688.26a15bae3fe2f43a13c7.js:17
[    3922ms] [WARNING] aceRegisterBlockElements 不再支持，请业务重写Editor.isBlockElement @ https://lf-package-cn.feishucdn.com/obj/feishu-static/ccm/bitable/share/resource/bear/js/3688.26a15bae3fe2f43a13c7.js:17
[    3928ms] [WARNING] 【二期提醒】: 使用 html 初始化时，请用newEditor反序列化后传入到 oldEditor @ https://lf-package-cn.feishucdn.com/obj/feishu-static/ccm/bitable/share/resource/bear/js/3688.26a15bae3fe2f43a13c7.js:17
[    3929ms] [WARNING] aceRegisterBlockElements 不再支持，请业务重写Editor.isBlockElement @ https://lf-package-cn.feishucdn.com/obj/feishu-static/ccm/bitable/share/resource/bear/js/3688.26a15bae3fe2f43a13c7.js:17
[    3930ms] [WARNING] 【二期提醒】: 使用 html 初始化时，请用newEditor反序列化后传入到 oldEditor @ https://lf-package-cn.feishucdn.com/obj/feishu-static/ccm/bitable/share/resource/bear/js/3688.26a15bae3fe2f43a13c7.js:17
[    3930ms] [WARNING] aceRegisterBlockElements 不再支持，请业务重写Editor.isBlockElement @ https://lf-package-cn.feishucdn.com/obj/feishu-static/ccm/bitable/share/resource/bear/js/3688.26a15bae3fe2f43a13c7.js:17
[    3931ms] [WARNING] 【二期提醒】: 使用 html 初始化时，请用newEditor反序列化后传入到 oldEditor @ https://lf-package-cn.feishucdn.com/obj/feishu-static/ccm/bitable/share/resource/bear/js/3688.26a15bae3fe2f43a13c7.js:17
[    3931ms] [WARNING] aceRegisterBlockElements 不再支持，请业务重写Editor.isBlockElement @ https://lf-package-cn.feishucdn.com/obj/feishu-static/ccm/bitable/share/resource/bear/js/3688.26a15bae3fe2f43a13c7.js:17
[    3932ms] [WARNING] 【二期提醒】: 使用 html 初始化时，请用newEditor反序列化后传入到 oldEditor @ https://lf-package-cn.feishucdn.com/obj/feishu-static/ccm/bitable/share/resource/bear/js/3688.26a15bae3fe2f43a13c7.js:17
[    3932ms] [WARNING] aceRegisterBlockElements 不再支持，请业务重写Editor.isBlockElement @ https://lf-package-cn.feishucdn.com/obj/feishu-static/ccm/bitable/share/resource/bear/js/3688.26a15bae3fe2f43a13c7.js:17
[    3933ms] [WARNING] 【二期提醒】: 使用 html 初始化时，请用newEditor反序列化后传入到 oldEditor @ https://lf-package-cn.feishucdn.com/obj/feishu-static/ccm/bitable/share/resource/bear/js/3688.26a15bae3fe2f43a13c7.js:17
[    3933ms] [WARNING] aceRegisterBlockElements 不再支持，请业务重写Editor.isBlockElement @ https://lf-package-cn.feishucdn.com/obj/feishu-static/ccm/bitable/share/resource/bear/js/3688.26a15bae3fe2f43a13c7.js:17
[    3934ms] [WARNING] 【二期提醒】: 使用 html 初始化时，请用newEditor反序列化后传入到 oldEditor @ https://lf-package-cn.feishucdn.com/obj/feishu-static/ccm/bitable/share/resource/bear/js/3688.26a15bae3fe2f43a13c7.js:17
[    3934ms] [WARNING] aceRegisterBlockElements 不再支持，请业务重写Editor.isBlockElement @ https://lf-package-cn.feishucdn.com/obj/feishu-static/ccm/bitable/share/resource/bear/js/3688.26a15bae3fe2f43a13c7.js:17
[    3935ms] [WARNING] 【二期提醒】: 使用 html 初始化时，请用newEditor反序列化后传入到 oldEditor @ https://lf-package-cn.feishucdn.com/obj/feishu-static/ccm/bitable/share/resource/bear/js/3688.26a15bae3fe2f43a13c7.js:17
[    3935ms] [WARNING] aceRegisterBlockElements 不再支持，请业务重写Editor.isBlockElement @ https://lf-package-cn.feishucdn.com/obj/feishu-static/ccm/bitable/share/resource/bear/js/3688.26a15bae3fe2f43a13c7.js:17
[    3936ms] [WARNING] 【二期提醒】: 使用 html 初始化时，请用newEditor反序列化后传入到 oldEditor @ https://lf-package-cn.feishucdn.com/obj/feishu-static/ccm/bitable/share/resource/bear/js/3688.26a15bae3fe2f43a13c7.js:17
[    3936ms] [WARNING] aceRegisterBlockElements 不再支持，请业务重写Editor.isBlockElement @ https://lf-package-cn.feishucdn.com/obj/feishu-static/ccm/bitable/share/resource/bear/js/3688.26a15bae3fe2f43a13c7.js:17
[    3937ms] [WARNING] 【二期提醒】: 使用 html 初始化时，请用newEditor反序列化后传入到 oldEditor @ https://lf-package-cn.feishucdn.com/obj/feishu-static/ccm/bitable/share/resource/bear/js/3688.26a15bae3fe2f43a13c7.js:17
[    3937ms] [WARNING] aceRegisterBlockElements 不再支持，请业务重写Editor.isBlockElement @ https://lf-package-cn.feishucdn.com/obj/feishu-static/ccm/bitable/share/resource/bear/js/3688.26a15bae3fe2f43a13c7.js:17
[    3938ms] [WARNING] 【二期提醒】: 使用 html 初始化时，请用newEditor反序列化后传入到 oldEditor @ https://lf-package-cn.feishucdn.com/obj/feishu-static/ccm/bitable/share/resource/bear/js/3688.26a15bae3fe2f43a13c7.js:17
[    3938ms] [WARNING] aceRegisterBlockElements 不再支持，请业务重写Editor.isBlockElement @ https://lf-package-cn.feishucdn.com/obj/feishu-static/ccm/bitable/share/resource/bear/js/3688.26a15bae3fe2f43a13c7.js:17
[    3939ms] [WARNING] 【二期提醒】: 使用 html 初始化时，请用newEditor反序列化后传入到 oldEditor @ https://lf-package-cn.feishucdn.com/obj/feishu-static/ccm/bitable/share/resource/bear/js/3688.26a15bae3fe2f43a13c7.js:17
[    3939ms] [WARNING] aceRegisterBlockElements 不再支持，请业务重写Editor.isBlockElement @ https://lf-package-cn.feishucdn.com/obj/feishu-static/ccm/bitable/share/resource/bear/js/3688.26a15bae3fe2f43a13c7.js:17
[    3940ms] [WARNING] 【二期提醒】: 使用 html 初始化时，请用newEditor反序列化后传入到 oldEditor @ https://lf-package-cn.feishucdn.com/obj/feishu-static/ccm/bitable/share/resource/bear/js/3688.26a15bae3fe2f43a13c7.js:17
[    3940ms] [WARNING] aceRegisterBlockElements 不再支持，请业务重写Editor.isBlockElement @ https://lf-package-cn.feishucdn.com/obj/feishu-static/ccm/bitable/share/resource/bear/js/3688.26a15bae3fe2f43a13c7.js:17
[    4164ms] [ERROR] Failed to load resource: the server responded with a status of 403 () @ https://internal-api-lark-api.feishu.cn/im/gateway/:0
[    4203ms] [ERROR] Failed to load resource: the server responded with a status of 403 () @ https://internal-api-lark-api.feishu.cn/im/gateway/:0
