[    1064ms] [WARNING] A parser-blocking, cross site (i.e. different eTLD+1) script, https://lf-package-cn.feishucdn.com/obj/feishu-static/ccm/bitable/share/resource/bear/lang/form/zh-CN.7664c5de24bdb0f6.js, is invoked via document.write. The network request for this script MAY be blocked by the browser in this or a future page load due to poor network connectivity. If blocked in this page load, it will be confirmed in a subsequent console message. See https://www.chromestatus.com/feature/5718547946799104 for more details. @ https://ecnirb4qfqay.feishu.cn/share/base/form/shrcnTJ4XmMa6QuqZcow9j4VwQf:4
[    1066ms] [WARNING] A parser-blocking, cross site (i.e. different eTLD+1) script, https://lf-package-cn.feishucdn.com/obj/feishu-static/ccm/bitable/share/resource/bear/js/form_share.286d4174999b7c059c9d.js, is invoked via document.write. The network request for this script MAY be blocked by the browser in this or a future page load due to poor network connectivity. If blocked in this page load, it will be confirmed in a subsequent console message. See https://www.chromestatus.com/feature/5718547946799104 for more details. @ https://ecnirb4qfqay.feishu.cn/share/base/form/shrcnTJ4XmMa6QuqZcow9j4VwQf:4
[    1066ms] [WARNING] A parser-blocking, cross site (i.e. different eTLD+1) script, https://lf-package-cn.feishucdn.com/obj/feishu-static/ccm/bitable/share/resource/bear/lang/form/zh-CN.7664c5de24bdb0f6.js, is invoked via document.write. The network request for this script MAY be blocked by the browser in this or a future page load due to poor network connectivity. If blocked in this page load, it will be confirmed in a subsequent console message. See https://www.chromestatus.com/feature/5718547946799104 for more details. @ https://ecnirb4qfqay.feishu.cn/share/base/form/shrcnTJ4XmMa6QuqZcow9j4VwQf:4
[    1209ms] [WARNING] [@platform-fe/browser] 'isIphoneX' is deprecated, please use 'isIPhoneX' instead @ https://lf-package-cn.feishucdn.com/obj/feishu-static/ccm/bitable/share/resource/bear/js/form_share.286d4174999b7c059c9d.js:66
[    1279ms] [ERROR] Not allowed to get config "ccm_bitable_base_config" during initialization @ https://lf-package-cn.feishucdn.com/obj/feishu-static/ccm/bitable/share/resource/bear/js/form_share.286d4174999b7c059c9d.js:4
[    1279ms] [ERROR] Not allowed to get config "base.ui.use_ud_select_dropdown_new" during initialization @ https://lf-package-cn.feishucdn.com/obj/feishu-static/ccm/bitable/share/resource/bear/js/form_share.286d4174999b7c059c9d.js:4
[    1279ms] [ERROR] Not allowed to get config "ccm_bitable_base_config" during initialization @ https://lf-package-cn.feishucdn.com/obj/feishu-static/ccm/bitable/share/resource/bear/js/form_share.286d4174999b7c059c9d.js:4
[    1279ms] [ERROR] Not allowed to get config "ccm.base.class.to.function1" during initialization @ https://lf-package-cn.feishucdn.com/obj/feishu-static/ccm/bitable/share/resource/bear/js/form_share.286d4174999b7c059c9d.js:4
[    1279ms] [ERROR] Not allowed to get config "ccm_bitable_base_config" during initialization @ https://lf-package-cn.feishucdn.com/obj/feishu-static/ccm/bitable/share/resource/bear/js/form_share.286d4174999b7c059c9d.js:4
[    1279ms] [ERROR] Not allowed to get config "ccm.base.class.to.function1" during initialization @ https://lf-package-cn.feishucdn.com/obj/feishu-static/ccm/bitable/share/resource/bear/js/form_share.286d4174999b7c059c9d.js:4
[    1279ms] [ERROR] Not allowed to get config "ccm_bitable_base_config" during initialization @ https://lf-package-cn.feishucdn.com/obj/feishu-static/ccm/bitable/share/resource/bear/js/form_share.286d4174999b7c059c9d.js:4
[    1279ms] [ERROR] Not allowed to get config "ccm.base.class.to.function1" during initialization @ https://lf-package-cn.feishucdn.com/obj/feishu-static/ccm/bitable/share/resource/bear/js/form_share.286d4174999b7c059c9d.js:4
[    1280ms] [ERROR] Not allowed to get config "ccm_bitable_base_config" during initialization @ https://lf-package-cn.feishucdn.com/obj/feishu-static/ccm/bitable/share/resource/bear/js/form_share.286d4174999b7c059c9d.js:4
[    1280ms] [ERROR] Not allowed to get config "ccm.base.class.to.function1" during initialization @ https://lf-package-cn.feishucdn.com/obj/feishu-static/ccm/bitable/share/resource/bear/js/form_share.286d4174999b7c059c9d.js:4
[    1280ms] [ERROR] Not allowed to get config "ccm_bitable_base_config" during initialization @ https://lf-package-cn.feishucdn.com/obj/feishu-static/ccm/bitable/share/resource/bear/js/form_share.286d4174999b7c059c9d.js:4
[    1280ms] [ERROR] Not allowed to get config "ccm.base.class.to.function1" during initialization @ https://lf-package-cn.feishucdn.com/obj/feishu-static/ccm/bitable/share/resource/bear/js/form_share.286d4174999b7c059c9d.js:4
[    1280ms] [ERROR] Not allowed to get config "ccm_bitable_base_config" during initialization @ https://lf-package-cn.feishucdn.com/obj/feishu-static/ccm/bitable/share/resource/bear/js/form_share.286d4174999b7c059c9d.js:4
[    1280ms] [ERROR] Not allowed to get config "ccm.base.class.to.function1" during initialization @ https://lf-package-cn.feishucdn.com/obj/feishu-static/ccm/bitable/share/resource/bear/js/form_share.286d4174999b7c059c9d.js:4
[    1280ms] [ERROR] Not allowed to get config "ccm_bitable_base_config" during initialization @ https://lf-package-cn.feishucdn.com/obj/feishu-static/ccm/bitable/share/resource/bear/js/form_share.286d4174999b7c059c9d.js:4
[    1280ms] [ERROR] Not allowed to get config "ccm.base.class.to.function1" during initialization @ https://lf-package-cn.feishucdn.com/obj/feishu-static/ccm/bitable/share/resource/bear/js/form_share.286d4174999b7c059c9d.js:4
[    1280ms] [ERROR] Not allowed to get config "ccm_bitable_base_config" during initialization @ https://lf-package-cn.feishucdn.com/obj/feishu-static/ccm/bitable/share/resource/bear/js/form_share.286d4174999b7c059c9d.js:4
[    1280ms] [ERROR] Not allowed to get config "ccm.base.class.to.function1" during initialization @ https://lf-package-cn.feishucdn.com/obj/feishu-static/ccm/bitable/share/resource/bear/js/form_share.286d4174999b7c059c9d.js:4
[    1281ms] [ERROR] Not allowed to get config "ccm_bitable_base_config" during initialization @ https://lf-package-cn.feishucdn.com/obj/feishu-static/ccm/bitable/share/resource/bear/js/form_share.286d4174999b7c059c9d.js:4
[    1281ms] [ERROR] Not allowed to get config "ccm.base.class.to.function1" during initialization @ https://lf-package-cn.feishucdn.com/obj/feishu-static/ccm/bitable/share/resource/bear/js/form_share.286d4174999b7c059c9d.js:4
[    1375ms] Uncaught (in promise) Error: load emoji sprite failed
    at <anonymous> (https://lf-package-cn.feishucdn.com/obj/feishu-static/ccm/bitable/share/resource/bear/js/form_share.286d4174999b7c059c9d.js:132:71668)
[    1434ms] [ERROR] Failed to load resource: the server responded with a status of 401 () @ https://ecnirb4qfqay.feishu.cn/accounts/web/user?app_id=undefined&support_anonymous=0&_t=1773301529858:0
[    1587ms] [WARNING] resource is not found undefined @ https://lf-package-cn.feishucdn.com/obj/feishu-static/ccm/bitable/share/resource/bear/js/form_share.286d4174999b7c059c9d.js:4
[    1598ms] [ERROR] Failed to load resource: the server responded with a status of 403 () @ https://internal-api-lark-api.feishu.cn/im/gateway/:0
[    1671ms] [WARNING] 【二期提醒】: 使用 html 初始化时，请用newEditor反序列化后传入到 oldEditor @ https://lf-package-cn.feishucdn.com/obj/feishu-static/ccm/bitable/share/resource/bear/js/3688.26a15bae3fe2f43a13c7.js:17
[    1672ms] [WARNING] aceRegisterBlockElements 不再支持，请业务重写Editor.isBlockElement @ https://lf-package-cn.feishucdn.com/obj/feishu-static/ccm/bitable/share/resource/bear/js/3688.26a15bae3fe2f43a13c7.js:17
[    1674ms] [WARNING] 【二期提醒】: 使用 html 初始化时，请用newEditor反序列化后传入到 oldEditor @ https://lf-package-cn.feishucdn.com/obj/feishu-static/ccm/bitable/share/resource/bear/js/3688.26a15bae3fe2f43a13c7.js:17
[    1674ms] [WARNING] aceRegisterBlockElements 不再支持，请业务重写Editor.isBlockElement @ https://lf-package-cn.feishucdn.com/obj/feishu-static/ccm/bitable/share/resource/bear/js/3688.26a15bae3fe2f43a13c7.js:17
[    1676ms] [WARNING] 【二期提醒】: 使用 html 初始化时，请用newEditor反序列化后传入到 oldEditor @ https://lf-package-cn.feishucdn.com/obj/feishu-static/ccm/bitable/share/resource/bear/js/3688.26a15bae3fe2f43a13c7.js:17
[    1676ms] [WARNING] aceRegisterBlockElements 不再支持，请业务重写Editor.isBlockElement @ https://lf-package-cn.feishucdn.com/obj/feishu-static/ccm/bitable/share/resource/bear/js/3688.26a15bae3fe2f43a13c7.js:17
[    1677ms] [WARNING] 【二期提醒】: 使用 html 初始化时，请用newEditor反序列化后传入到 oldEditor @ https://lf-package-cn.feishucdn.com/obj/feishu-static/ccm/bitable/share/resource/bear/js/3688.26a15bae3fe2f43a13c7.js:17
[    1677ms] [WARNING] aceRegisterBlockElements 不再支持，请业务重写Editor.isBlockElement @ https://lf-package-cn.feishucdn.com/obj/feishu-static/ccm/bitable/share/resource/bear/js/3688.26a15bae3fe2f43a13c7.js:17
[    1678ms] [WARNING] 【二期提醒】: 使用 html 初始化时，请用newEditor反序列化后传入到 oldEditor @ https://lf-package-cn.feishucdn.com/obj/feishu-static/ccm/bitable/share/resource/bear/js/3688.26a15bae3fe2f43a13c7.js:17
[    1678ms] [WARNING] aceRegisterBlockElements 不再支持，请业务重写Editor.isBlockElement @ https://lf-package-cn.feishucdn.com/obj/feishu-static/ccm/bitable/share/resource/bear/js/3688.26a15bae3fe2f43a13c7.js:17
[    1679ms] [WARNING] 【二期提醒】: 使用 html 初始化时，请用newEditor反序列化后传入到 oldEditor @ https://lf-package-cn.feishucdn.com/obj/feishu-static/ccm/bitable/share/resource/bear/js/3688.26a15bae3fe2f43a13c7.js:17
[    1679ms] [WARNING] aceRegisterBlockElements 不再支持，请业务重写Editor.isBlockElement @ https://lf-package-cn.feishucdn.com/obj/feishu-static/ccm/bitable/share/resource/bear/js/3688.26a15bae3fe2f43a13c7.js:17
[    1681ms] [WARNING] 【二期提醒】: 使用 html 初始化时，请用newEditor反序列化后传入到 oldEditor @ https://lf-package-cn.feishucdn.com/obj/feishu-static/ccm/bitable/share/resource/bear/js/3688.26a15bae3fe2f43a13c7.js:17
[    1681ms] [WARNING] aceRegisterBlockElements 不再支持，请业务重写Editor.isBlockElement @ https://lf-package-cn.feishucdn.com/obj/feishu-static/ccm/bitable/share/resource/bear/js/3688.26a15bae3fe2f43a13c7.js:17
[    1682ms] [WARNING] 【二期提醒】: 使用 html 初始化时，请用newEditor反序列化后传入到 oldEditor @ https://lf-package-cn.feishucdn.com/obj/feishu-static/ccm/bitable/share/resource/bear/js/3688.26a15bae3fe2f43a13c7.js:17
[    1682ms] [WARNING] aceRegisterBlockElements 不再支持，请业务重写Editor.isBlockElement @ https://lf-package-cn.feishucdn.com/obj/feishu-static/ccm/bitable/share/resource/bear/js/3688.26a15bae3fe2f43a13c7.js:17
[    1682ms] [WARNING] 【二期提醒】: 使用 html 初始化时，请用newEditor反序列化后传入到 oldEditor @ https://lf-package-cn.feishucdn.com/obj/feishu-static/ccm/bitable/share/resource/bear/js/3688.26a15bae3fe2f43a13c7.js:17
[    1683ms] [WARNING] aceRegisterBlockElements 不再支持，请业务重写Editor.isBlockElement @ https://lf-package-cn.feishucdn.com/obj/feishu-static/ccm/bitable/share/resource/bear/js/3688.26a15bae3fe2f43a13c7.js:17
[    1684ms] [WARNING] 【二期提醒】: 使用 html 初始化时，请用newEditor反序列化后传入到 oldEditor @ https://lf-package-cn.feishucdn.com/obj/feishu-static/ccm/bitable/share/resource/bear/js/3688.26a15bae3fe2f43a13c7.js:17
[    1684ms] [WARNING] aceRegisterBlockElements 不再支持，请业务重写Editor.isBlockElement @ https://lf-package-cn.feishucdn.com/obj/feishu-static/ccm/bitable/share/resource/bear/js/3688.26a15bae3fe2f43a13c7.js:17
[    1684ms] [WARNING] 【二期提醒】: 使用 html 初始化时，请用newEditor反序列化后传入到 oldEditor @ https://lf-package-cn.feishucdn.com/obj/feishu-static/ccm/bitable/share/resource/bear/js/3688.26a15bae3fe2f43a13c7.js:17
[    1685ms] [WARNING] aceRegisterBlockElements 不再支持，请业务重写Editor.isBlockElement @ https://lf-package-cn.feishucdn.com/obj/feishu-static/ccm/bitable/share/resource/bear/js/3688.26a15bae3fe2f43a13c7.js:17
[    1686ms] [WARNING] 【二期提醒】: 使用 html 初始化时，请用newEditor反序列化后传入到 oldEditor @ https://lf-package-cn.feishucdn.com/obj/feishu-static/ccm/bitable/share/resource/bear/js/3688.26a15bae3fe2f43a13c7.js:17
[    1687ms] [WARNING] aceRegisterBlockElements 不再支持，请业务重写Editor.isBlockElement @ https://lf-package-cn.feishucdn.com/obj/feishu-static/ccm/bitable/share/resource/bear/js/3688.26a15bae3fe2f43a13c7.js:17
[    1687ms] [WARNING] 【二期提醒】: 使用 html 初始化时，请用newEditor反序列化后传入到 oldEditor @ https://lf-package-cn.feishucdn.com/obj/feishu-static/ccm/bitable/share/resource/bear/js/3688.26a15bae3fe2f43a13c7.js:17
[    1687ms] [WARNING] aceRegisterBlockElements 不再支持，请业务重写Editor.isBlockElement @ https://lf-package-cn.feishucdn.com/obj/feishu-static/ccm/bitable/share/resource/bear/js/3688.26a15bae3fe2f43a13c7.js:17
[    1897ms] [ERROR] Failed to load resource: the server responded with a status of 403 () @ https://internal-api-lark-api.feishu.cn/im/gateway/:0
[    1934ms] [ERROR] Failed to load resource: the server responded with a status of 403 () @ https://internal-api-lark-api.feishu.cn/im/gateway/:0
[  115235ms] [WARNING] 【二期提醒】: 使用 html 初始化时，请用newEditor反序列化后传入到 oldEditor @ https://lf-package-cn.feishucdn.com/obj/feishu-static/ccm/bitable/share/resource/bear/js/3688.26a15bae3fe2f43a13c7.js:17
[  115236ms] [WARNING] aceRegisterBlockElements 不再支持，请业务重写Editor.isBlockElement @ https://lf-package-cn.feishucdn.com/obj/feishu-static/ccm/bitable/share/resource/bear/js/3688.26a15bae3fe2f43a13c7.js:17
[  208953ms] [WARNING] 【二期提醒】: 使用 html 初始化时，请用newEditor反序列化后传入到 oldEditor @ https://lf-package-cn.feishucdn.com/obj/feishu-static/ccm/bitable/share/resource/bear/js/3688.26a15bae3fe2f43a13c7.js:17
[  208953ms] [WARNING] aceRegisterBlockElements 不再支持，请业务重写Editor.isBlockElement @ https://lf-package-cn.feishucdn.com/obj/feishu-static/ccm/bitable/share/resource/bear/js/3688.26a15bae3fe2f43a13c7.js:17
[  208957ms] [WARNING] 【二期提醒】: 使用 html 初始化时，请用newEditor反序列化后传入到 oldEditor @ https://lf-package-cn.feishucdn.com/obj/feishu-static/ccm/bitable/share/resource/bear/js/3688.26a15bae3fe2f43a13c7.js:17
[  208957ms] [WARNING] aceRegisterBlockElements 不再支持，请业务重写Editor.isBlockElement @ https://lf-package-cn.feishucdn.com/obj/feishu-static/ccm/bitable/share/resource/bear/js/3688.26a15bae3fe2f43a13c7.js:17
[  208958ms] [WARNING] 【二期提醒】: 使用 html 初始化时，请用newEditor反序列化后传入到 oldEditor @ https://lf-package-cn.feishucdn.com/obj/feishu-static/ccm/bitable/share/resource/bear/js/3688.26a15bae3fe2f43a13c7.js:17
[  208958ms] [WARNING] aceRegisterBlockElements 不再支持，请业务重写Editor.isBlockElement @ https://lf-package-cn.feishucdn.com/obj/feishu-static/ccm/bitable/share/resource/bear/js/3688.26a15bae3fe2f43a13c7.js:17
[  208960ms] [WARNING] 【二期提醒】: 使用 html 初始化时，请用newEditor反序列化后传入到 oldEditor @ https://lf-package-cn.feishucdn.com/obj/feishu-static/ccm/bitable/share/resource/bear/js/3688.26a15bae3fe2f43a13c7.js:17
[  208960ms] [WARNING] aceRegisterBlockElements 不再支持，请业务重写Editor.isBlockElement @ https://lf-package-cn.feishucdn.com/obj/feishu-static/ccm/bitable/share/resource/bear/js/3688.26a15bae3fe2f43a13c7.js:17
[  208961ms] [WARNING] 【二期提醒】: 使用 html 初始化时，请用newEditor反序列化后传入到 oldEditor @ https://lf-package-cn.feishucdn.com/obj/feishu-static/ccm/bitable/share/resource/bear/js/3688.26a15bae3fe2f43a13c7.js:17
[  208961ms] [WARNING] aceRegisterBlockElements 不再支持，请业务重写Editor.isBlockElement @ https://lf-package-cn.feishucdn.com/obj/feishu-static/ccm/bitable/share/resource/bear/js/3688.26a15bae3fe2f43a13c7.js:17
[  208962ms] [WARNING] 【二期提醒】: 使用 html 初始化时，请用newEditor反序列化后传入到 oldEditor @ https://lf-package-cn.feishucdn.com/obj/feishu-static/ccm/bitable/share/resource/bear/js/3688.26a15bae3fe2f43a13c7.js:17
[  208962ms] [WARNING] aceRegisterBlockElements 不再支持，请业务重写Editor.isBlockElement @ https://lf-package-cn.feishucdn.com/obj/feishu-static/ccm/bitable/share/resource/bear/js/3688.26a15bae3fe2f43a13c7.js:17
[  208962ms] [WARNING] 【二期提醒】: 使用 html 初始化时，请用newEditor反序列化后传入到 oldEditor @ https://lf-package-cn.feishucdn.com/obj/feishu-static/ccm/bitable/share/resource/bear/js/3688.26a15bae3fe2f43a13c7.js:17
[  208962ms] [WARNING] aceRegisterBlockElements 不再支持，请业务重写Editor.isBlockElement @ https://lf-package-cn.feishucdn.com/obj/feishu-static/ccm/bitable/share/resource/bear/js/3688.26a15bae3fe2f43a13c7.js:17
[  208963ms] [WARNING] 【二期提醒】: 使用 html 初始化时，请用newEditor反序列化后传入到 oldEditor @ https://lf-package-cn.feishucdn.com/obj/feishu-static/ccm/bitable/share/resource/bear/js/3688.26a15bae3fe2f43a13c7.js:17
[  208963ms] [WARNING] aceRegisterBlockElements 不再支持，请业务重写Editor.isBlockElement @ https://lf-package-cn.feishucdn.com/obj/feishu-static/ccm/bitable/share/resource/bear/js/3688.26a15bae3fe2f43a13c7.js:17
[  208964ms] [WARNING] 【二期提醒】: 使用 html 初始化时，请用newEditor反序列化后传入到 oldEditor @ https://lf-package-cn.feishucdn.com/obj/feishu-static/ccm/bitable/share/resource/bear/js/3688.26a15bae3fe2f43a13c7.js:17
[  208964ms] [WARNING] aceRegisterBlockElements 不再支持，请业务重写Editor.isBlockElement @ https://lf-package-cn.feishucdn.com/obj/feishu-static/ccm/bitable/share/resource/bear/js/3688.26a15bae3fe2f43a13c7.js:17
[  208964ms] [WARNING] 【二期提醒】: 使用 html 初始化时，请用newEditor反序列化后传入到 oldEditor @ https://lf-package-cn.feishucdn.com/obj/feishu-static/ccm/bitable/share/resource/bear/js/3688.26a15bae3fe2f43a13c7.js:17
[  208964ms] [WARNING] aceRegisterBlockElements 不再支持，请业务重写Editor.isBlockElement @ https://lf-package-cn.feishucdn.com/obj/feishu-static/ccm/bitable/share/resource/bear/js/3688.26a15bae3fe2f43a13c7.js:17
[  208965ms] [WARNING] 【二期提醒】: 使用 html 初始化时，请用newEditor反序列化后传入到 oldEditor @ https://lf-package-cn.feishucdn.com/obj/feishu-static/ccm/bitable/share/resource/bear/js/3688.26a15bae3fe2f43a13c7.js:17
[  208965ms] [WARNING] aceRegisterBlockElements 不再支持，请业务重写Editor.isBlockElement @ https://lf-package-cn.feishucdn.com/obj/feishu-static/ccm/bitable/share/resource/bear/js/3688.26a15bae3fe2f43a13c7.js:17
[  208966ms] [WARNING] 【二期提醒】: 使用 html 初始化时，请用newEditor反序列化后传入到 oldEditor @ https://lf-package-cn.feishucdn.com/obj/feishu-static/ccm/bitable/share/resource/bear/js/3688.26a15bae3fe2f43a13c7.js:17
[  208966ms] [WARNING] aceRegisterBlockElements 不再支持，请业务重写Editor.isBlockElement @ https://lf-package-cn.feishucdn.com/obj/feishu-static/ccm/bitable/share/resource/bear/js/3688.26a15bae3fe2f43a13c7.js:17
[  208966ms] [WARNING] 【二期提醒】: 使用 html 初始化时，请用newEditor反序列化后传入到 oldEditor @ https://lf-package-cn.feishucdn.com/obj/feishu-static/ccm/bitable/share/resource/bear/js/3688.26a15bae3fe2f43a13c7.js:17
[  208966ms] [WARNING] aceRegisterBlockElements 不再支持，请业务重写Editor.isBlockElement @ https://lf-package-cn.feishucdn.com/obj/feishu-static/ccm/bitable/share/resource/bear/js/3688.26a15bae3fe2f43a13c7.js:17
[  252907ms] [WARNING] 【二期提醒】: 使用 html 初始化时，请用newEditor反序列化后传入到 oldEditor @ https://lf-package-cn.feishucdn.com/obj/feishu-static/ccm/bitable/share/resource/bear/js/3688.26a15bae3fe2f43a13c7.js:17
[  252908ms] [WARNING] aceRegisterBlockElements 不再支持，请业务重写Editor.isBlockElement @ https://lf-package-cn.feishucdn.com/obj/feishu-static/ccm/bitable/share/resource/bear/js/3688.26a15bae3fe2f43a13c7.js:17
[  273347ms] [WARNING] A parser-blocking, cross site (i.e. different eTLD+1) script, https://lf-package-cn.feishucdn.com/obj/feishu-static/ccm/bitable/share/resource/bear/lang/form/zh-CN.7664c5de24bdb0f6.js, is invoked via document.write. The network request for this script MAY be blocked by the browser in this or a future page load due to poor network connectivity. If blocked in this page load, it will be confirmed in a subsequent console message. See https://www.chromestatus.com/feature/5718547946799104 for more details. @ https://ecnirb4qfqay.feishu.cn/share/base/form/shrcnTJ4XmMa6QuqZcow9j4VwQf:4
[  273347ms] [WARNING] A parser-blocking, cross site (i.e. different eTLD+1) script, https://lf-package-cn.feishucdn.com/obj/feishu-static/ccm/bitable/share/resource/bear/lang/form/zh-CN.7664c5de24bdb0f6.js, is invoked via document.write. The network request for this script MAY be blocked by the browser in this or a future page load due to poor network connectivity. If blocked in this page load, it will be confirmed in a subsequent console message. See https://www.chromestatus.com/feature/5718547946799104 for more details. @ https://ecnirb4qfqay.feishu.cn/share/base/form/shrcnTJ4XmMa6QuqZcow9j4VwQf:4
[  273561ms] [WARNING] [@platform-fe/browser] 'isIphoneX' is deprecated, please use 'isIPhoneX' instead @ https://lf-package-cn.feishucdn.com/obj/feishu-static/ccm/bitable/share/resource/bear/js/form_share.286d4174999b7c059c9d.js:66
[  273675ms] [ERROR] Not allowed to get config "ccm_bitable_base_config" during initialization @ https://lf-package-cn.feishucdn.com/obj/feishu-static/ccm/bitable/share/resource/bear/js/form_share.286d4174999b7c059c9d.js:4
[  273676ms] [ERROR] Not allowed to get config "base.ui.use_ud_select_dropdown_new" during initialization @ https://lf-package-cn.feishucdn.com/obj/feishu-static/ccm/bitable/share/resource/bear/js/form_share.286d4174999b7c059c9d.js:4
[  273676ms] [ERROR] Not allowed to get config "ccm_bitable_base_config" during initialization @ https://lf-package-cn.feishucdn.com/obj/feishu-static/ccm/bitable/share/resource/bear/js/form_share.286d4174999b7c059c9d.js:4
[  273677ms] [ERROR] Not allowed to get config "ccm.base.class.to.function1" during initialization @ https://lf-package-cn.feishucdn.com/obj/feishu-static/ccm/bitable/share/resource/bear/js/form_share.286d4174999b7c059c9d.js:4
[  273677ms] [ERROR] Not allowed to get config "ccm_bitable_base_config" during initialization @ https://lf-package-cn.feishucdn.com/obj/feishu-static/ccm/bitable/share/resource/bear/js/form_share.286d4174999b7c059c9d.js:4
[  273677ms] [ERROR] Not allowed to get config "ccm.base.class.to.function1" during initialization @ https://lf-package-cn.feishucdn.com/obj/feishu-static/ccm/bitable/share/resource/bear/js/form_share.286d4174999b7c059c9d.js:4
[  273677ms] [ERROR] Not allowed to get config "ccm_bitable_base_config" during initialization @ https://lf-package-cn.feishucdn.com/obj/feishu-static/ccm/bitable/share/resource/bear/js/form_share.286d4174999b7c059c9d.js:4
[  273677ms] [ERROR] Not allowed to get config "ccm.base.class.to.function1" during initialization @ https://lf-package-cn.feishucdn.com/obj/feishu-static/ccm/bitable/share/resource/bear/js/form_share.286d4174999b7c059c9d.js:4
[  273677ms] [ERROR] Not allowed to get config "ccm_bitable_base_config" during initialization @ https://lf-package-cn.feishucdn.com/obj/feishu-static/ccm/bitable/share/resource/bear/js/form_share.286d4174999b7c059c9d.js:4
[  273677ms] [ERROR] Not allowed to get config "ccm.base.class.to.function1" during initialization @ https://lf-package-cn.feishucdn.com/obj/feishu-static/ccm/bitable/share/resource/bear/js/form_share.286d4174999b7c059c9d.js:4
[  273677ms] [ERROR] Not allowed to get config "ccm_bitable_base_config" during initialization @ https://lf-package-cn.feishucdn.com/obj/feishu-static/ccm/bitable/share/resource/bear/js/form_share.286d4174999b7c059c9d.js:4
[  273677ms] [ERROR] Not allowed to get config "ccm.base.class.to.function1" during initialization @ https://lf-package-cn.feishucdn.com/obj/feishu-static/ccm/bitable/share/resource/bear/js/form_share.286d4174999b7c059c9d.js:4
[  273677ms] [ERROR] Not allowed to get config "ccm_bitable_base_config" during initialization @ https://lf-package-cn.feishucdn.com/obj/feishu-static/ccm/bitable/share/resource/bear/js/form_share.286d4174999b7c059c9d.js:4
[  273677ms] [ERROR] Not allowed to get config "ccm.base.class.to.function1" during initialization @ https://lf-package-cn.feishucdn.com/obj/feishu-static/ccm/bitable/share/resource/bear/js/form_share.286d4174999b7c059c9d.js:4
[  273678ms] [ERROR] Not allowed to get config "ccm_bitable_base_config" during initialization @ https://lf-package-cn.feishucdn.com/obj/feishu-static/ccm/bitable/share/resource/bear/js/form_share.286d4174999b7c059c9d.js:4
[  273678ms] [ERROR] Not allowed to get config "ccm.base.class.to.function1" during initialization @ https://lf-package-cn.feishucdn.com/obj/feishu-static/ccm/bitable/share/resource/bear/js/form_share.286d4174999b7c059c9d.js:4
[  273678ms] [ERROR] Not allowed to get config "ccm_bitable_base_config" during initialization @ https://lf-package-cn.feishucdn.com/obj/feishu-static/ccm/bitable/share/resource/bear/js/form_share.286d4174999b7c059c9d.js:4
[  273678ms] [ERROR] Not allowed to get config "ccm.base.class.to.function1" during initialization @ https://lf-package-cn.feishucdn.com/obj/feishu-static/ccm/bitable/share/resource/bear/js/form_share.286d4174999b7c059c9d.js:4
[  273678ms] [ERROR] Not allowed to get config "ccm_bitable_base_config" during initialization @ https://lf-package-cn.feishucdn.com/obj/feishu-static/ccm/bitable/share/resource/bear/js/form_share.286d4174999b7c059c9d.js:4
[  273678ms] [ERROR] Not allowed to get config "ccm.base.class.to.function1" during initialization @ https://lf-package-cn.feishucdn.com/obj/feishu-static/ccm/bitable/share/resource/bear/js/form_share.286d4174999b7c059c9d.js:4
[  273725ms] Uncaught (in promise) Error: load emoji sprite failed
    at yn.loading.n.onerror (https://lf-package-cn.feishucdn.com/obj/feishu-static/ccm/bitable/share/resource/bear/js/form_share.286d4174999b7c059c9d.js:132:71668)
[  273824ms] [ERROR] Failed to load resource: the server responded with a status of 403 () @ https://internal-api-lark-api.feishu.cn/im/gateway/:0
[  273833ms] [ERROR] Failed to load resource: the server responded with a status of 401 () @ https://ecnirb4qfqay.feishu.cn/accounts/web/user?app_id=undefined&support_anonymous=0&_t=1773301802256:0
[  273856ms] [WARNING] resource is not found undefined @ https://lf-package-cn.feishucdn.com/obj/feishu-static/ccm/bitable/share/resource/bear/js/form_share.286d4174999b7c059c9d.js:4
[  273984ms] [WARNING] 【二期提醒】: 使用 html 初始化时，请用newEditor反序列化后传入到 oldEditor @ https://lf-package-cn.feishucdn.com/obj/feishu-static/ccm/bitable/share/resource/bear/js/3688.26a15bae3fe2f43a13c7.js:17
[  273985ms] [WARNING] aceRegisterBlockElements 不再支持，请业务重写Editor.isBlockElement @ https://lf-package-cn.feishucdn.com/obj/feishu-static/ccm/bitable/share/resource/bear/js/3688.26a15bae3fe2f43a13c7.js:17
[  273988ms] [WARNING] 【二期提醒】: 使用 html 初始化时，请用newEditor反序列化后传入到 oldEditor @ https://lf-package-cn.feishucdn.com/obj/feishu-static/ccm/bitable/share/resource/bear/js/3688.26a15bae3fe2f43a13c7.js:17
[  273988ms] [WARNING] aceRegisterBlockElements 不再支持，请业务重写Editor.isBlockElement @ https://lf-package-cn.feishucdn.com/obj/feishu-static/ccm/bitable/share/resource/bear/js/3688.26a15bae3fe2f43a13c7.js:17
[  273989ms] [WARNING] 【二期提醒】: 使用 html 初始化时，请用newEditor反序列化后传入到 oldEditor @ https://lf-package-cn.feishucdn.com/obj/feishu-static/ccm/bitable/share/resource/bear/js/3688.26a15bae3fe2f43a13c7.js:17
[  273990ms] [WARNING] aceRegisterBlockElements 不再支持，请业务重写Editor.isBlockElement @ https://lf-package-cn.feishucdn.com/obj/feishu-static/ccm/bitable/share/resource/bear/js/3688.26a15bae3fe2f43a13c7.js:17
[  273991ms] [WARNING] 【二期提醒】: 使用 html 初始化时，请用newEditor反序列化后传入到 oldEditor @ https://lf-package-cn.feishucdn.com/obj/feishu-static/ccm/bitable/share/resource/bear/js/3688.26a15bae3fe2f43a13c7.js:17
[  273991ms] [WARNING] aceRegisterBlockElements 不再支持，请业务重写Editor.isBlockElement @ https://lf-package-cn.feishucdn.com/obj/feishu-static/ccm/bitable/share/resource/bear/js/3688.26a15bae3fe2f43a13c7.js:17
[  273991ms] [WARNING] 【二期提醒】: 使用 html 初始化时，请用newEditor反序列化后传入到 oldEditor @ https://lf-package-cn.feishucdn.com/obj/feishu-static/ccm/bitable/share/resource/bear/js/3688.26a15bae3fe2f43a13c7.js:17
[  273992ms] [WARNING] aceRegisterBlockElements 不再支持，请业务重写Editor.isBlockElement @ https://lf-package-cn.feishucdn.com/obj/feishu-static/ccm/bitable/share/resource/bear/js/3688.26a15bae3fe2f43a13c7.js:17
[  273992ms] [WARNING] 【二期提醒】: 使用 html 初始化时，请用newEditor反序列化后传入到 oldEditor @ https://lf-package-cn.feishucdn.com/obj/feishu-static/ccm/bitable/share/resource/bear/js/3688.26a15bae3fe2f43a13c7.js:17
[  273992ms] [WARNING] aceRegisterBlockElements 不再支持，请业务重写Editor.isBlockElement @ https://lf-package-cn.feishucdn.com/obj/feishu-static/ccm/bitable/share/resource/bear/js/3688.26a15bae3fe2f43a13c7.js:17
[  273993ms] [WARNING] 【二期提醒】: 使用 html 初始化时，请用newEditor反序列化后传入到 oldEditor @ https://lf-package-cn.feishucdn.com/obj/feishu-static/ccm/bitable/share/resource/bear/js/3688.26a15bae3fe2f43a13c7.js:17
[  273993ms] [WARNING] aceRegisterBlockElements 不再支持，请业务重写Editor.isBlockElement @ https://lf-package-cn.feishucdn.com/obj/feishu-static/ccm/bitable/share/resource/bear/js/3688.26a15bae3fe2f43a13c7.js:17
[  273994ms] [WARNING] 【二期提醒】: 使用 html 初始化时，请用newEditor反序列化后传入到 oldEditor @ https://lf-package-cn.feishucdn.com/obj/feishu-static/ccm/bitable/share/resource/bear/js/3688.26a15bae3fe2f43a13c7.js:17
[  273994ms] [WARNING] aceRegisterBlockElements 不再支持，请业务重写Editor.isBlockElement @ https://lf-package-cn.feishucdn.com/obj/feishu-static/ccm/bitable/share/resource/bear/js/3688.26a15bae3fe2f43a13c7.js:17
[  273995ms] [WARNING] 【二期提醒】: 使用 html 初始化时，请用newEditor反序列化后传入到 oldEditor @ https://lf-package-cn.feishucdn.com/obj/feishu-static/ccm/bitable/share/resource/bear/js/3688.26a15bae3fe2f43a13c7.js:17
[  273995ms] [WARNING] aceRegisterBlockElements 不再支持，请业务重写Editor.isBlockElement @ https://lf-package-cn.feishucdn.com/obj/feishu-static/ccm/bitable/share/resource/bear/js/3688.26a15bae3fe2f43a13c7.js:17
[  273995ms] [WARNING] 【二期提醒】: 使用 html 初始化时，请用newEditor反序列化后传入到 oldEditor @ https://lf-package-cn.feishucdn.com/obj/feishu-static/ccm/bitable/share/resource/bear/js/3688.26a15bae3fe2f43a13c7.js:17
[  273995ms] [WARNING] aceRegisterBlockElements 不再支持，请业务重写Editor.isBlockElement @ https://lf-package-cn.feishucdn.com/obj/feishu-static/ccm/bitable/share/resource/bear/js/3688.26a15bae3fe2f43a13c7.js:17
[  273996ms] [WARNING] 【二期提醒】: 使用 html 初始化时，请用newEditor反序列化后传入到 oldEditor @ https://lf-package-cn.feishucdn.com/obj/feishu-static/ccm/bitable/share/resource/bear/js/3688.26a15bae3fe2f43a13c7.js:17
[  273996ms] [WARNING] aceRegisterBlockElements 不再支持，请业务重写Editor.isBlockElement @ https://lf-package-cn.feishucdn.com/obj/feishu-static/ccm/bitable/share/resource/bear/js/3688.26a15bae3fe2f43a13c7.js:17
[  273997ms] [WARNING] 【二期提醒】: 使用 html 初始化时，请用newEditor反序列化后传入到 oldEditor @ https://lf-package-cn.feishucdn.com/obj/feishu-static/ccm/bitable/share/resource/bear/js/3688.26a15bae3fe2f43a13c7.js:17
[  273997ms] [WARNING] aceRegisterBlockElements 不再支持，请业务重写Editor.isBlockElement @ https://lf-package-cn.feishucdn.com/obj/feishu-static/ccm/bitable/share/resource/bear/js/3688.26a15bae3fe2f43a13c7.js:17
[  273997ms] [WARNING] 【二期提醒】: 使用 html 初始化时，请用newEditor反序列化后传入到 oldEditor @ https://lf-package-cn.feishucdn.com/obj/feishu-static/ccm/bitable/share/resource/bear/js/3688.26a15bae3fe2f43a13c7.js:17
[  273998ms] [WARNING] aceRegisterBlockElements 不再支持，请业务重写Editor.isBlockElement @ https://lf-package-cn.feishucdn.com/obj/feishu-static/ccm/bitable/share/resource/bear/js/3688.26a15bae3fe2f43a13c7.js:17
[  273998ms] [WARNING] 【二期提醒】: 使用 html 初始化时，请用newEditor反序列化后传入到 oldEditor @ https://lf-package-cn.feishucdn.com/obj/feishu-static/ccm/bitable/share/resource/bear/js/3688.26a15bae3fe2f43a13c7.js:17
[  273998ms] [WARNING] aceRegisterBlockElements 不再支持，请业务重写Editor.isBlockElement @ https://lf-package-cn.feishucdn.com/obj/feishu-static/ccm/bitable/share/resource/bear/js/3688.26a15bae3fe2f43a13c7.js:17
[  274214ms] [ERROR] Failed to load resource: the server responded with a status of 403 () @ https://internal-api-lark-api.feishu.cn/im/gateway/:0
[  274250ms] [ERROR] Failed to load resource: the server responded with a status of 403 () @ https://internal-api-lark-api.feishu.cn/im/gateway/:0
