[POST] https://mcs-bd.feishu.cn/v1/list => [200] 
[GET] https://mon.zijieapi.com/monitor_web/settings/browser-settings?bid=docs_bitable_form_share&store=1 => [200] 
[POST] https://ecnirb4qfqay.feishu.cn/space/api/bitable/form/external/get_experience_version => [200] 
[POST] https://ecnirb4qfqay.feishu.cn/accounts/csrf?_t=1773301529788 => [200] 
[POST] https://internal-api-lark-api.feishu.cn/im/gateway/ => [403] 
[GET] https://ecnirb4qfqay.feishu.cn/accounts/web/user?app_id=undefined&support_anonymous=0&_t=1773301529858 => [401] 
[POST] https://ecnirb4qfqay.feishu.cn/space/api/bitable/share/content/get_depends => [200] 
[POST] https://ecnirb4qfqay.feishu.cn/space/api/suite/permission/document/actions/state => [200] 
[POST] https://mcs-bd.feishu.cn/list => [200] 
[POST] https://ecnirb4qfqay.feishu.cn/space/api/bitable/form/external/get_processing_draw_record => [200] 
[GET] https://lf-package-cn.feishucdn.com/obj/feishu-static/ccm/static_resource/scm_upload/ccm_base_form_theme_default_01_illustration.png => [200] 
[POST] https://mcs-bd.feishu.cn/list => [200] 
[GET] https://internal-api-lark-api.feishu.cn/settings/v3/?tags=lark-watermark%2Clgw&platform=web&version=5.7.0&fg_tags=lark_watermark => [200] 
[POST] https://ecnirb4qfqay.feishu.cn/space/api/pandora_ws/ws_ticket/ => [200] 
[POST] https://mcs-bd.feishu.cn/list => [200] 
[POST] https://internal-api-lark-api.feishu.cn/im/gateway/ => [403] 
[POST] https://internal-api-lark-api.feishu.cn/im/gateway/ => [403] 
[POST] https://mcs-bd.feishu.cn/list => [200] 
[POST] https://mon.zijieapi.com/monitor_browser/collect/batch/?biz_id=docs_bitable_form_share => [204] 
[POST] https://mon.zijieapi.com/monitor_browser/collect/batch/?biz_id=docs_bitable_form_share => [204] 
[POST] https://mon.zijieapi.com/monitor_browser/collect/batch/?biz_id=docs_bitable_form_share => [204] 
[POST] https://mcs-bd.feishu.cn/list => [200] 
[POST] https://mcs-bd.feishu.cn/list => [200] 
[POST] https://mcs-bd.feishu.cn/list => [200] 
[POST] https://mcs-bd.feishu.cn/list => [200] 
[POST] https://mcs-bd.feishu.cn/list => [200] 
[POST] https://mcs-bd.feishu.cn/list => [200] 
[POST] https://mcs-bd.feishu.cn/list => [200] 
[POST] https://mcs-bd.feishu.cn/list => [200] 
[POST] https://mcs-bd.feishu.cn/list => [200] 
[POST] https://mcs-bd.feishu.cn/list => [200] 
[POST] https://ecnirb4qfqay.feishu.cn/space/api/bitable/share/content => [200] 
[POST] https://mcs-bd.feishu.cn/list => [200] 
[POST] https://mcs-bd.feishu.cn/list => [200] 
[POST] https://mon.zijieapi.com/monitor_browser/collect/batch/?biz_id=docs_bitable_form_share => [204] 